2017 Oct 11 16:59:08 [10] INFO  - ,,,Production Version,,,No Equity Longs (Method 1),,,No Net Notional Eq Long (Method 2),,
2017 Oct 11 16:59:08 [10] INFO  - ,Date,Reg/Cross,Trend+Counter,Trend,Counter,Trend+Counter,Trend,Counter,Trend+Counter,Trend,Counter
2017 Oct 11 16:59:08 [10] INFO  - ,6/15/2007 12:00:00 AM,0.58%,1.24%,1.42%,-0.18%,0.93%,1.08%,-0.15%,0.99%,1.08%,-0.09%
2017 Oct 11 16:59:08 [10] INFO  - ,6/22/2007 12:00:00 AM,1.02%,0.41%,0.40%,0.02%,0.20%,0.16%,0.05%,0.16%,0.17%,0.01%
2017 Oct 11 16:59:08 [10] INFO  - ,6/29/2007 12:00:00 AM,0.84%,-0.31%,-0.37%,0.07%,-0.36%,-0.42%,0.07%,-0.32%,-0.43%,0.13%
2017 Oct 11 16:59:08 [10] INFO  - ,7/6/2007 12:00:00 AM,1.04%,4.63%,5.17%,-0.55%,4.44%,4.94%,-0.51%,4.49%,4.94%,-0.46%
2017 Oct 11 16:59:08 [10] INFO  - ,7/13/2007 12:00:00 AM,1.19%,-0.66%,-0.74%,0.09%,-0.69%,-0.78%,0.09%,-0.67%,-0.78%,0.11%
2017 Oct 11 16:59:08 [10] INFO  - ,7/20/2007 12:00:00 AM,-0.77%,-0.88%,-1.02%,0.13%,-0.77%,-0.90%,0.13%,-0.78%,-0.90%,0.12%
2017 Oct 11 16:59:08 [10] INFO  - ,7/27/2007 12:00:00 AM,0.00%,-1.91%,-2.33%,0.41%,-1.28%,-1.63%,0.35%,-1.38%,-1.63%,0.25%
2017 Oct 11 16:59:08 [10] INFO  - ,8/3/2007 12:00:00 AM,-0.68%,-0.42%,-0.42%,0.01%,-0.29%,-0.28%,0.01%,-0.28%,-0.30%,0.01%
2017 Oct 11 16:59:08 [10] INFO  - ,8/10/2007 12:00:00 AM,0.87%,-1.44%,-1.14%,-0.32%,-1.47%,-1.06%,-0.42%,-1.30%,-1.05%,-0.27%
2017 Oct 11 16:59:08 [10] INFO  - ,8/17/2007 12:00:00 AM,1.09%,0.61%,-1.38%,2.01%,0.97%,-1.24%,2.25%,0.24%,-1.29%,1.55%
2017 Oct 11 16:59:08 [10] INFO  - ,8/24/2007 12:00:00 AM,2.88%,1.27%,1.26%,0.03%,0.85%,0.97%,-0.09%,1.16%,0.85%,0.30%
2017 Oct 11 16:59:08 [10] INFO  - ,8/31/2007 12:00:00 AM,0.35%,1.91%,0.64%,1.26%,1.65%,0.47%,1.17%,1.80%,0.31%,1.48%
2017 Oct 11 16:59:08 [10] INFO  - ,9/7/2007 12:00:00 AM,1.06%,0.31%,-0.75%,1.07%,0.57%,-0.50%,1.07%,0.37%,-0.80%,1.18%
2017 Oct 11 16:59:08 [10] INFO  - ,9/14/2007 12:00:00 AM,1.17%,0.20%,0.57%,-0.34%,-0.03%,0.14%,-0.17%,0.03%,-0.07%,0.10%
2017 Oct 11 16:59:08 [10] INFO  - ,9/21/2007 12:00:00 AM,1.24%,1.01%,1.95%,-0.97%,0.51%,1.15%,-0.66%,0.72%,0.92%,-0.22%
2017 Oct 11 16:59:08 [10] INFO  - ,9/28/2007 12:00:00 AM,1.93%,0.55%,0.20%,0.34%,0.54%,0.19%,0.35%,0.50%,0.11%,0.37%
2017 Oct 11 16:59:08 [10] INFO  - ,10/5/2007 12:00:00 AM,0.76%,-0.61%,0.58%,-1.19%,-0.80%,0.45%,-1.24%,-0.61%,0.58%,-1.19%
2017 Oct 11 16:59:08 [10] INFO  - ,10/12/2007 12:00:00 AM,-0.56%,1.93%,2.27%,-0.34%,1.87%,2.20%,-0.33%,1.93%,2.27%,-0.34%
2017 Oct 11 16:59:08 [10] INFO  - ,10/19/2007 12:00:00 AM,1.41%,-0.42%,-1.51%,1.09%,-0.38%,-1.47%,1.10%,-0.42%,-1.51%,1.09%
2017 Oct 11 16:59:08 [10] INFO  - ,10/26/2007 12:00:00 AM,1.15%,1.84%,2.01%,-0.16%,1.64%,1.80%,-0.15%,1.65%,1.79%,-0.12%
2017 Oct 11 16:59:08 [10] INFO  - ,11/2/2007 12:00:00 AM,-0.62%,1.75%,1.90%,-0.13%,1.88%,2.06%,-0.16%,1.88%,2.06%,-0.15%
2017 Oct 11 16:59:08 [10] INFO  - ,11/9/2007 12:00:00 AM,0.25%,0.25%,0.17%,0.07%,1.08%,1.07%,0.00%,1.05%,1.07%,-0.03%
2017 Oct 11 16:59:08 [10] INFO  - ,11/16/2007 12:00:00 AM,-0.24%,-0.13%,-0.25%,0.13%,-0.01%,-0.14%,0.12%,0.00%,-0.14%,0.13%
2017 Oct 11 16:59:08 [10] INFO  - ,11/23/2007 12:00:00 AM,0.36%,0.63%,0.71%,-0.09%,1.17%,1.31%,-0.13%,1.16%,1.32%,-0.15%
2017 Oct 11 16:59:08 [10] INFO  - ,11/30/2007 12:00:00 AM,-0.01%,1.60%,1.54%,0.06%,0.44%,0.31%,0.16%,0.55%,0.41%,0.17%
2017 Oct 11 16:59:08 [10] INFO  - ,12/7/2007 12:00:00 AM,0.46%,1.36%,1.37%,0.00%,0.85%,0.78%,0.07%,0.86%,0.80%,0.06%
2017 Oct 11 16:59:08 [10] INFO  - ,12/14/2007 12:00:00 AM,0.00%,0.51%,-0.29%,0.78%,1.42%,1.00%,0.39%,1.30%,1.09%,0.20%
2017 Oct 11 16:59:08 [10] INFO  - ,12/21/2007 12:00:00 AM,1.14%,2.01%,1.37%,0.64%,1.61%,1.08%,0.52%,1.34%,0.72%,0.62%
2017 Oct 11 16:59:08 [10] INFO  - ,12/28/2007 12:00:00 AM,1.94%,0.62%,0.78%,-0.16%,0.53%,0.70%,-0.17%,0.55%,0.73%,-0.18%
2017 Oct 11 16:59:08 [10] INFO  - ,1/4/2008 12:00:00 AM,0.14%,0.18%,-0.56%,0.76%,1.40%,0.38%,1.02%,1.27%,0.62%,0.65%
2017 Oct 11 16:59:08 [10] INFO  - ,1/11/2008 12:00:00 AM,0.77%,-1.01%,-1.09%,0.04%,-0.30%,-0.31%,-0.01%,-0.34%,-0.36%,0.00%
2017 Oct 11 16:59:08 [10] INFO  - ,1/18/2008 12:00:00 AM,-1.18%,-2.34%,-2.50%,0.11%,-0.87%,-0.95%,0.07%,-1.39%,-1.50%,0.09%
2017 Oct 11 16:59:08 [10] INFO  - ,1/25/2008 12:00:00 AM,-0.83%,0.28%,-0.70%,1.02%,0.63%,-0.27%,0.92%,0.28%,-0.70%,1.02%
2017 Oct 11 16:59:08 [10] INFO  - ,2/1/2008 12:00:00 AM,-0.34%,0.93%,0.92%,-0.02%,0.84%,0.91%,-0.10%,0.93%,0.92%,-0.02%
2017 Oct 11 16:59:08 [10] INFO  - ,2/8/2008 12:00:00 AM,1.04%,2.48%,3.35%,-0.83%,2.58%,3.30%,-0.72%,2.48%,3.35%,-0.83%
2017 Oct 11 16:59:08 [10] INFO  - ,2/15/2008 12:00:00 AM,-0.48%,0.05%,0.63%,-0.60%,0.09%,0.63%,-0.56%,0.05%,0.63%,-0.60%
2017 Oct 11 16:59:08 [10] INFO  - ,2/22/2008 12:00:00 AM,1.66%,0.47%,0.48%,0.00%,0.41%,0.42%,-0.01%,0.47%,0.48%,0.00%
2017 Oct 11 16:59:08 [10] INFO  - ,2/29/2008 12:00:00 AM,1.60%,2.38%,4.36%,-1.97%,2.87%,4.88%,-1.99%,2.56%,4.54%,-1.96%
2017 Oct 11 16:59:08 [10] INFO  - ,3/7/2008 12:00:00 AM,0.69%,1.36%,1.20%,0.17%,1.57%,1.38%,0.20%,1.36%,1.20%,0.17%
2017 Oct 11 16:59:08 [10] INFO  - ,3/14/2008 12:00:00 AM,0.61%,0.61%,0.83%,-0.22%,0.66%,0.89%,-0.23%,0.61%,0.83%,-0.22%
2017 Oct 11 16:59:08 [10] INFO  - ,3/21/2008 12:00:00 AM,1.88%,-0.12%,-1.43%,1.31%,-0.24%,-1.62%,1.39%,-0.12%,-1.43%,1.31%
2017 Oct 11 16:59:08 [10] INFO  - ,3/28/2008 12:00:00 AM,0.04%,-0.82%,-0.51%,-0.34%,-0.76%,-0.36%,-0.42%,-0.82%,-0.51%,-0.34%
2017 Oct 11 16:59:08 [10] INFO  - ,4/4/2008 12:00:00 AM,-0.95%,-2.20%,-2.36%,0.17%,-2.57%,-2.76%,0.20%,-2.19%,-2.35%,0.17%
2017 Oct 11 16:59:08 [10] INFO  - ,4/11/2008 12:00:00 AM,0.58%,0.68%,1.71%,-1.04%,1.62%,2.57%,-0.94%,1.68%,2.66%,-0.96%
2017 Oct 11 16:59:08 [10] INFO  - ,4/18/2008 12:00:00 AM,-1.81%,0.20%,0.62%,-0.38%,-1.32%,-0.97%,-0.33%,-1.32%,-0.99%,-0.32%
2017 Oct 11 16:59:08 [10] INFO  - ,4/25/2008 12:00:00 AM,0.69%,-0.02%,0.06%,-0.08%,-0.07%,0.02%,-0.08%,0.03%,0.13%,-0.09%
2017 Oct 11 16:59:08 [10] INFO  - ,5/2/2008 12:00:00 AM,-0.80%,0.27%,0.16%,0.12%,-0.18%,-0.25%,0.07%,-0.18%,-0.25%,0.07%
2017 Oct 11 16:59:08 [10] INFO  - ,5/9/2008 12:00:00 AM,-2.17%,-1.34%,-0.96%,-0.40%,-1.00%,-0.65%,-0.37%,-0.99%,-0.66%,-0.35%
2017 Oct 11 16:59:08 [10] INFO  - ,5/16/2008 12:00:00 AM,0.90%,1.92%,2.17%,-0.24%,1.22%,1.45%,-0.24%,1.24%,1.45%,-0.21%
2017 Oct 11 16:59:08 [10] INFO  - ,5/23/2008 12:00:00 AM,-0.43%,-0.72%,-0.35%,-0.37%,0.31%,0.97%,-0.67%,0.15%,1.04%,-0.90%
2017 Oct 11 16:59:08 [10] INFO  - ,5/30/2008 12:00:00 AM,2.21%,1.04%,1.07%,-0.06%,0.60%,0.56%,0.01%,0.59%,0.56%,0.01%
2017 Oct 11 16:59:08 [10] INFO  - ,6/6/2008 12:00:00 AM,0.57%,-1.78%,-1.66%,-0.14%,-0.40%,-0.14%,-0.27%,-0.37%,-0.11%,-0.27%
2017 Oct 11 16:59:08 [10] INFO  - ,6/13/2008 12:00:00 AM,-0.34%,1.27%,1.50%,-0.19%,1.93%,2.21%,-0.24%,1.74%,1.99%,-0.24%
2017 Oct 11 16:59:08 [10] INFO  - ,6/20/2008 12:00:00 AM,0.79%,-0.41%,-0.59%,0.19%,0.43%,0.40%,0.03%,0.38%,0.34%,0.05%
2017 Oct 11 16:59:08 [10] INFO  - ,6/27/2008 12:00:00 AM,1.07%,-0.04%,-0.17%,0.11%,0.54%,0.48%,0.05%,0.10%,0.00%,0.08%
2017 Oct 11 16:59:08 [10] INFO  - ,7/4/2008 12:00:00 AM,0.94%,1.09%,1.78%,-0.69%,1.56%,2.25%,-0.68%,1.09%,1.78%,-0.69%
2017 Oct 11 16:59:08 [10] INFO  - ,7/11/2008 12:00:00 AM,0.27%,3.02%,-1.79%,4.79%,2.98%,-1.83%,4.79%,3.02%,-1.79%,4.79%
2017 Oct 11 16:59:08 [10] INFO  - ,7/18/2008 12:00:00 AM,-0.21%,-1.76%,-1.87%,0.11%,-1.76%,-1.87%,0.12%,-1.76%,-1.87%,0.11%
2017 Oct 11 16:59:08 [10] INFO  - ,7/25/2008 12:00:00 AM,-0.40%,-1.83%,-1.93%,0.13%,-1.76%,-1.85%,0.12%,-1.83%,-1.93%,0.13%
2017 Oct 11 16:59:08 [10] INFO  - ,8/1/2008 12:00:00 AM,1.04%,0.00%,-0.56%,0.56%,0.01%,-0.53%,0.55%,0.00%,-0.56%,0.56%
2017 Oct 11 16:59:08 [10] INFO  - ,8/8/2008 12:00:00 AM,0.23%,0.13%,-2.51%,2.64%,-0.15%,-2.88%,2.74%,0.13%,-2.51%,2.64%
2017 Oct 11 16:59:08 [10] INFO  - ,8/15/2008 12:00:00 AM,0.80%,0.31%,-1.02%,1.36%,0.24%,-0.95%,1.24%,-0.08%,-1.31%,1.26%
2017 Oct 11 16:59:08 [10] INFO  - ,8/22/2008 12:00:00 AM,0.44%,-0.14%,-0.72%,0.55%,0.40%,-0.25%,0.64%,0.37%,-0.25%,0.60%
2017 Oct 11 16:59:08 [10] INFO  - ,8/29/2008 12:00:00 AM,0.38%,-0.72%,-0.64%,-0.08%,-0.58%,-0.47%,-0.10%,-0.72%,-0.64%,-0.08%
2017 Oct 11 16:59:08 [10] INFO  - ,9/5/2008 12:00:00 AM,0.57%,2.33%,1.80%,0.47%,3.77%,3.13%,0.57%,2.05%,1.47%,0.53%
2017 Oct 11 16:59:08 [10] INFO  - ,9/12/2008 12:00:00 AM,-0.41%,-0.01%,-0.84%,0.80%,-0.25%,-1.02%,0.74%,-0.01%,-0.84%,0.80%
2017 Oct 11 16:59:08 [10] INFO  - ,9/19/2008 12:00:00 AM,1.25%,0.09%,0.63%,-0.53%,0.02%,0.71%,-0.65%,0.09%,0.63%,-0.53%
2017 Oct 11 16:59:08 [10] INFO  - ,9/26/2008 12:00:00 AM,1.18%,0.70%,-0.06%,0.73%,0.95%,-0.01%,0.93%,0.70%,-0.06%,0.73%
2017 Oct 11 16:59:08 [10] INFO  - ,10/3/2008 12:00:00 AM,2.56%,1.85%,0.90%,0.97%,2.15%,0.97%,1.18%,1.85%,0.90%,0.97%
2017 Oct 11 16:59:08 [10] INFO  - ,10/10/2008 12:00:00 AM,3.22%,1.97%,1.63%,0.32%,2.49%,1.66%,0.80%,1.97%,1.63%,0.32%
2017 Oct 11 16:59:08 [10] INFO  - ,10/17/2008 12:00:00 AM,-0.25%,0.83%,-0.21%,1.01%,0.13%,-0.17%,0.27%,0.47%,-0.07%,0.50%
2017 Oct 11 16:59:08 [10] INFO  - ,10/24/2008 12:00:00 AM,1.33%,0.75%,0.88%,-0.10%,0.75%,0.88%,-0.10%,0.75%,0.88%,-0.10%
2017 Oct 11 16:59:08 [10] INFO  - ,10/31/2008 12:00:00 AM,-0.88%,-1.13%,-1.20%,0.06%,-1.13%,-1.20%,0.06%,-1.13%,-1.20%,0.06%
2017 Oct 11 16:59:08 [10] INFO  - ,11/7/2008 12:00:00 AM,0.91%,0.91%,1.01%,-0.08%,0.90%,1.01%,-0.09%,0.91%,1.01%,-0.08%
2017 Oct 11 16:59:08 [10] INFO  - ,11/14/2008 12:00:00 AM,0.21%,1.38%,1.50%,-0.12%,1.38%,1.50%,-0.12%,1.38%,1.50%,-0.12%
2017 Oct 11 16:59:08 [10] INFO  - ,11/21/2008 12:00:00 AM,0.64%,1.70%,1.90%,-0.22%,1.70%,1.90%,-0.22%,1.70%,1.90%,-0.22%
2017 Oct 11 16:59:08 [10] INFO  - ,11/28/2008 12:00:00 AM,0.81%,-0.31%,-0.34%,0.02%,-0.31%,-0.34%,0.02%,-0.31%,-0.34%,0.02%
2017 Oct 11 16:59:08 [10] INFO  - ,12/5/2008 12:00:00 AM,0.20%,1.81%,2.02%,-0.19%,1.81%,2.02%,-0.19%,1.81%,2.02%,-0.19%
2017 Oct 11 16:59:08 [10] INFO  - ,12/12/2008 12:00:00 AM,0.25%,-0.02%,-0.06%,0.03%,-0.02%,-0.06%,0.03%,-0.02%,-0.06%,0.03%
2017 Oct 11 16:59:08 [10] INFO  - ,12/19/2008 12:00:00 AM,0.93%,0.87%,1.11%,-0.22%,0.87%,1.11%,-0.22%,0.87%,1.11%,-0.22%
2017 Oct 11 16:59:08 [10] INFO  - ,12/26/2008 12:00:00 AM,0.02%,0.13%,0.19%,-0.06%,0.13%,0.19%,-0.06%,0.13%,0.19%,-0.06%
2017 Oct 11 16:59:08 [10] INFO  - ,1/2/2009 12:00:00 AM,-0.16%,-1.61%,-1.90%,0.29%,-1.72%,-2.03%,0.30%,-1.61%,-1.90%,0.29%
2017 Oct 11 16:59:08 [10] INFO  - ,1/9/2009 12:00:00 AM,0.51%,0.19%,0.25%,-0.07%,0.26%,0.32%,-0.07%,0.19%,0.25%,-0.07%
2017 Oct 11 16:59:08 [10] INFO  - ,1/16/2009 12:00:00 AM,0.29%,1.59%,1.71%,-0.08%,1.62%,1.74%,-0.08%,1.59%,1.71%,-0.08%
2017 Oct 11 16:59:08 [10] INFO  - ,1/23/2009 12:00:00 AM,-0.45%,1.54%,1.54%,0.00%,1.57%,1.57%,0.00%,1.54%,1.54%,0.00%
2017 Oct 11 16:59:08 [10] INFO  - ,1/30/2009 12:00:00 AM,-0.64%,-0.34%,-0.45%,0.16%,-0.33%,-0.46%,0.16%,-0.34%,-0.45%,0.16%
2017 Oct 11 16:59:08 [10] INFO  - ,2/6/2009 12:00:00 AM,0.06%,-1.37%,-1.28%,-0.10%,-1.44%,-1.35%,-0.11%,-1.37%,-1.28%,-0.10%
2017 Oct 11 16:59:08 [10] INFO  - ,2/13/2009 12:00:00 AM,0.21%,0.64%,1.54%,-0.93%,0.69%,1.59%,-0.93%,0.64%,1.54%,-0.93%
2017 Oct 11 16:59:08 [10] INFO  - ,2/20/2009 12:00:00 AM,0.36%,0.05%,1.03%,-0.97%,0.13%,1.09%,-0.94%,0.05%,1.03%,-0.97%
2017 Oct 11 16:59:08 [10] INFO  - ,2/27/2009 12:00:00 AM,-0.57%,0.10%,-0.18%,0.28%,0.12%,-0.17%,0.28%,0.10%,-0.18%,0.28%
2017 Oct 11 16:59:08 [10] INFO  - ,3/6/2009 12:00:00 AM,0.62%,0.56%,1.29%,-0.72%,0.56%,1.29%,-0.72%,0.56%,1.29%,-0.72%
2017 Oct 11 16:59:08 [10] INFO  - ,3/13/2009 12:00:00 AM,-0.67%,-0.99%,-1.07%,0.06%,-0.99%,-1.07%,0.06%,-0.99%,-1.07%,0.06%
2017 Oct 11 16:59:08 [10] INFO  - ,3/20/2009 12:00:00 AM,0.65%,1.40%,0.35%,1.04%,1.49%,0.39%,1.09%,1.40%,0.35%,1.04%
2017 Oct 11 16:59:08 [10] INFO  - ,3/27/2009 12:00:00 AM,0.45%,-0.13%,-0.19%,0.06%,-0.43%,-0.34%,-0.10%,-0.13%,-0.19%,0.06%
2017 Oct 11 16:59:08 [10] INFO  - ,4/3/2009 12:00:00 AM,0.31%,-1.23%,-0.59%,-0.63%,-1.71%,-0.83%,-0.87%,-1.23%,-0.59%,-0.63%
2017 Oct 11 16:59:08 [10] INFO  - ,4/10/2009 12:00:00 AM,0.23%,-0.23%,1.15%,-1.39%,-0.66%,0.79%,-1.45%,-0.69%,0.82%,-1.50%
2017 Oct 11 16:59:08 [10] INFO  - ,4/17/2009 12:00:00 AM,0.21%,-0.08%,-1.11%,1.07%,-0.94%,-1.81%,0.88%,-0.60%,-1.52%,0.94%
2017 Oct 11 16:59:08 [10] INFO  - ,4/24/2009 12:00:00 AM,-0.04%,1.31%,2.14%,-0.82%,1.49%,2.49%,-0.99%,1.38%,2.32%,-0.94%
2017 Oct 11 16:59:08 [10] INFO  - ,5/1/2009 12:00:00 AM,-0.92%,1.21%,0.77%,0.44%,0.43%,0.43%,0.03%,0.47%,0.43%,0.08%
2017 Oct 11 16:59:08 [10] INFO  - ,5/8/2009 12:00:00 AM,1.76%,1.05%,0.51%,0.55%,-0.89%,-0.29%,-0.61%,-0.79%,-0.30%,-0.51%
2017 Oct 11 16:59:08 [10] INFO  - ,5/15/2009 12:00:00 AM,0.47%,0.80%,0.60%,0.20%,1.41%,1.08%,0.33%,1.25%,1.15%,0.11%
2017 Oct 11 16:59:08 [10] INFO  - ,5/22/2009 12:00:00 AM,2.12%,2.94%,3.66%,-0.75%,2.35%,2.93%,-0.61%,2.43%,2.88%,-0.48%
2017 Oct 11 16:59:08 [10] INFO  - ,5/29/2009 12:00:00 AM,1.65%,1.67%,2.14%,-0.47%,0.72%,1.29%,-0.58%,0.86%,1.09%,-0.22%
2017 Oct 11 16:59:08 [10] INFO  - ,6/5/2009 12:00:00 AM,-0.12%,-2.16%,-2.85%,0.70%,-3.30%,-3.90%,0.61%,-3.29%,-3.94%,0.67%
2017 Oct 11 16:59:08 [10] INFO  - ,6/12/2009 12:00:00 AM,0.23%,-0.45%,-0.86%,0.43%,-0.57%,-0.82%,0.27%,-0.57%,-0.82%,0.26%
2017 Oct 11 16:59:08 [10] INFO  - ,6/19/2009 12:00:00 AM,-2.46%,-1.41%,-1.00%,-0.44%,-0.73%,-0.33%,-0.42%,-0.71%,-0.32%,-0.40%
2017 Oct 11 16:59:08 [10] INFO  - ,6/26/2009 12:00:00 AM,-0.26%,0.70%,-0.26%,0.96%,0.79%,-0.23%,1.02%,0.71%,-0.19%,0.90%
2017 Oct 11 16:59:08 [10] INFO  - ,7/3/2009 12:00:00 AM,-0.34%,0.44%,-0.10%,0.51%,0.79%,0.26%,0.52%,0.79%,0.26%,0.52%
2017 Oct 11 16:59:08 [10] INFO  - ,7/10/2009 12:00:00 AM,-0.89%,-0.53%,-1.44%,0.91%,0.28%,-1.05%,1.34%,0.28%,-1.05%,1.34%
2017 Oct 11 16:59:08 [10] INFO  - ,7/17/2009 12:00:00 AM,0.91%,2.28%,2.68%,-0.43%,0.52%,0.76%,-0.24%,0.52%,0.76%,-0.24%
2017 Oct 11 16:59:08 [10] INFO  - ,7/24/2009 12:00:00 AM,2.89%,1.19%,1.36%,-0.16%,0.33%,0.41%,-0.06%,0.34%,0.39%,-0.05%
2017 Oct 11 16:59:08 [10] INFO  - ,7/31/2009 12:00:00 AM,0.26%,-0.10%,0.53%,-0.65%,-0.35%,0.27%,-0.64%,-0.31%,0.26%,-0.58%
2017 Oct 11 16:59:08 [10] INFO  - ,8/7/2009 12:00:00 AM,1.11%,1.70%,0.03%,1.66%,1.16%,-0.33%,1.47%,1.34%,-0.38%,1.70%
2017 Oct 11 16:59:08 [10] INFO  - ,8/14/2009 12:00:00 AM,-1.85%,0.80%,0.71%,0.08%,0.63%,0.62%,0.00%,0.71%,0.50%,0.20%
2017 Oct 11 16:59:08 [10] INFO  - ,8/21/2009 12:00:00 AM,-0.32%,1.74%,0.40%,1.32%,1.35%,0.27%,1.07%,1.44%,0.36%,1.07%
2017 Oct 11 16:59:08 [10] INFO  - ,8/28/2009 12:00:00 AM,0.70%,1.43%,0.76%,0.69%,0.56%,0.41%,0.16%,0.62%,0.40%,0.23%
2017 Oct 11 16:59:08 [10] INFO  - ,9/4/2009 12:00:00 AM,0.06%,0.13%,0.65%,-0.50%,0.36%,0.65%,-0.28%,0.21%,0.71%,-0.48%
2017 Oct 11 16:59:08 [10] INFO  - ,9/11/2009 12:00:00 AM,1.88%,1.61%,1.90%,-0.29%,0.16%,0.96%,-0.80%,0.50%,0.81%,-0.30%
2017 Oct 11 16:59:08 [10] INFO  - ,9/18/2009 12:00:00 AM,0.67%,-1.34%,-0.71%,-0.63%,-2.12%,-1.20%,-0.92%,-1.61%,-1.45%,-0.17%
2017 Oct 11 16:59:08 [10] INFO  - ,9/25/2009 12:00:00 AM,-0.94%,-2.20%,-2.39%,0.20%,-1.54%,-1.94%,0.41%,-2.21%,-1.76%,-0.45%
2017 Oct 11 16:59:08 [10] INFO  - ,10/2/2009 12:00:00 AM,-0.44%,2.56%,0.95%,1.60%,3.12%,1.28%,1.83%,2.82%,1.40%,1.41%
2017 Oct 11 16:59:08 [10] INFO  - ,10/9/2009 12:00:00 AM,0.70%,-0.69%,0.66%,-1.36%,-1.49%,0.07%,-1.56%,-1.23%,-0.22%,-1.02%
2017 Oct 11 16:59:08 [10] INFO  - ,10/16/2009 12:00:00 AM,1.19%,1.17%,0.95%,0.22%,0.81%,0.69%,0.13%,0.86%,0.64%,0.23%
2017 Oct 11 16:59:08 [10] INFO  - ,10/23/2009 12:00:00 AM,0.89%,0.14%,0.16%,0.01%,0.04%,0.08%,-0.02%,-0.04%,0.12%,-0.14%
2017 Oct 11 16:59:08 [10] INFO  - ,10/30/2009 12:00:00 AM,2.33%,0.00%,-1.07%,1.06%,0.99%,-0.46%,1.44%,0.67%,-0.23%,0.91%
2017 Oct 11 16:59:08 [10] INFO  - ,11/6/2009 12:00:00 AM,-0.19%,1.50%,1.51%,0.00%,0.77%,0.70%,0.08%,0.79%,0.68%,0.12%
2017 Oct 11 16:59:08 [10] INFO  - ,11/13/2009 12:00:00 AM,0.78%,2.65%,2.32%,0.30%,1.51%,1.56%,-0.08%,1.51%,1.56%,-0.07%
2017 Oct 11 16:59:08 [10] INFO  - ,11/20/2009 12:00:00 AM,0.29%,1.20%,1.00%,0.21%,1.44%,1.08%,0.37%,1.43%,1.10%,0.34%
2017 Oct 11 16:59:08 [10] INFO  - ,11/27/2009 12:00:00 AM,0.70%,-0.46%,-0.41%,-0.05%,-0.12%,-0.12%,0.03%,-0.13%,-0.11%,0.01%
2017 Oct 11 16:59:08 [10] INFO  - ,12/4/2009 12:00:00 AM,-0.81%,-0.39%,-0.94%,0.55%,-1.23%,-1.44%,0.21%,-1.16%,-1.47%,0.31%
2017 Oct 11 16:59:08 [10] INFO  - ,12/11/2009 12:00:00 AM,1.14%,-0.62%,-0.48%,-0.17%,-0.42%,-0.39%,-0.06%,-0.40%,-0.40%,-0.03%
2017 Oct 11 16:59:08 [10] INFO  - ,12/18/2009 12:00:00 AM,0.91%,0.20%,0.19%,0.01%,0.29%,0.23%,0.07%,0.25%,0.24%,0.01%
2017 Oct 11 16:59:08 [10] INFO  - ,12/25/2009 12:00:00 AM,-0.70%,0.00%,-0.03%,0.02%,-0.62%,-0.65%,0.02%,-0.52%,-0.76%,0.24%
2017 Oct 11 16:59:08 [10] INFO  - ,12/31/2009 12:00:00 AM,0.34%,0.44%,-0.31%,0.76%,0.32%,-0.34%,0.66%,0.30%,-0.26%,0.56%
2017 Oct 11 16:59:08 [10] INFO  - ,1/8/2010 12:00:00 AM,1.49%,4.11%,4.44%,-0.31%,3.50%,3.65%,-0.14%,3.55%,3.58%,-0.02%
2017 Oct 11 16:59:08 [10] INFO  - ,1/15/2010 12:00:00 AM,0.70%,-1.46%,-1.85%,0.39%,-1.11%,-1.46%,0.34%,-1.16%,-1.39%,0.21%
2017 Oct 11 16:59:08 [10] INFO  - ,1/22/2010 12:00:00 AM,-0.89%,-1.40%,-1.55%,0.12%,-0.64%,-0.98%,0.31%,-0.70%,-0.79%,0.06%
2017 Oct 11 16:59:08 [10] INFO  - ,1/29/2010 12:00:00 AM,-0.59%,-0.22%,-0.52%,0.29%,0.53%,0.27%,0.25%,0.53%,0.27%,0.25%
2017 Oct 11 16:59:08 [10] INFO  - ,2/5/2010 12:00:00 AM,0.56%,-0.37%,-0.02%,-0.32%,0.29%,0.58%,-0.27%,0.29%,0.58%,-0.27%
2017 Oct 11 16:59:08 [10] INFO  - ,2/12/2010 12:00:00 AM,0.81%,0.86%,1.84%,-0.96%,0.08%,1.00%,-0.90%,0.08%,1.00%,-0.90%
2017 Oct 11 16:59:08 [10] INFO  - ,2/19/2010 12:00:00 AM,-0.02%,1.48%,1.62%,-0.15%,0.47%,0.43%,0.04%,0.47%,0.40%,0.08%
2017 Oct 11 16:59:08 [10] INFO  - ,2/26/2010 12:00:00 AM,2.29%,1.35%,1.79%,-0.46%,1.47%,1.90%,-0.44%,1.48%,1.89%,-0.43%
2017 Oct 11 16:59:08 [10] INFO  - ,3/5/2010 12:00:00 AM,1.25%,1.29%,1.06%,0.23%,0.13%,0.10%,0.03%,0.13%,0.10%,0.03%
2017 Oct 11 16:59:08 [10] INFO  - ,3/12/2010 12:00:00 AM,0.22%,-0.05%,0.18%,-0.22%,-0.53%,-0.31%,-0.21%,-0.53%,-0.32%,-0.20%
2017 Oct 11 16:59:08 [10] INFO  - ,3/19/2010 12:00:00 AM,1.19%,1.30%,1.74%,-0.45%,1.05%,1.49%,-0.44%,1.09%,1.43%,-0.35%
2017 Oct 11 16:59:08 [10] INFO  - ,3/26/2010 12:00:00 AM,-0.09%,0.07%,0.31%,-0.24%,-0.14%,0.13%,-0.27%,-0.11%,0.06%,-0.17%
2017 Oct 11 16:59:08 [10] INFO  - ,4/2/2010 12:00:00 AM,1.08%,1.16%,1.38%,-0.22%,0.90%,1.12%,-0.22%,0.90%,1.12%,-0.22%
2017 Oct 11 16:59:08 [10] INFO  - ,4/9/2010 12:00:00 AM,-0.08%,-0.25%,0.26%,-0.52%,-0.54%,-0.05%,-0.49%,-0.54%,-0.03%,-0.51%
2017 Oct 11 16:59:08 [10] INFO  - ,4/16/2010 12:00:00 AM,0.56%,0.90%,0.55%,0.35%,1.16%,0.74%,0.42%,1.18%,0.70%,0.48%
2017 Oct 11 16:59:08 [10] INFO  - ,4/23/2010 12:00:00 AM,0.11%,0.71%,0.68%,0.02%,0.65%,0.22%,0.42%,0.68%,0.04%,0.63%
2017 Oct 11 16:59:08 [10] INFO  - ,4/30/2010 12:00:00 AM,2.25%,3.87%,4.06%,-0.23%,4.90%,5.36%,-0.49%,4.83%,5.58%,-0.79%
2017 Oct 11 16:59:08 [10] INFO  - ,5/7/2010 12:00:00 AM,0.14%,-2.94%,-3.58%,0.62%,0.25%,0.02%,0.21%,0.18%,0.24%,-0.09%
2017 Oct 11 16:59:08 [10] INFO  - ,5/14/2010 12:00:00 AM,2.33%,1.58%,2.17%,-0.61%,-0.08%,0.53%,-0.64%,-0.10%,0.50%,-0.63%
2017 Oct 11 16:59:08 [10] INFO  - ,5/21/2010 12:00:00 AM,-1.16%,-0.17%,-0.93%,0.74%,0.51%,-0.26%,0.75%,0.48%,-0.28%,0.75%
2017 Oct 11 16:59:08 [10] INFO  - ,5/28/2010 12:00:00 AM,0.04%,0.58%,0.57%,0.01%,0.08%,0.11%,-0.03%,0.31%,0.33%,-0.03%
2017 Oct 11 16:59:08 [10] INFO  - ,6/4/2010 12:00:00 AM,0.28%,0.01%,0.77%,-0.73%,0.51%,1.37%,-0.83%,0.46%,1.33%,-0.84%
2017 Oct 11 16:59:08 [10] INFO  - ,6/11/2010 12:00:00 AM,1.67%,2.72%,3.25%,-0.51%,1.62%,2.51%,-0.87%,1.79%,2.62%,-0.82%
2017 Oct 11 16:59:08 [10] INFO  - ,6/18/2010 12:00:00 AM,0.47%,2.39%,1.40%,0.99%,1.18%,0.21%,0.97%,1.29%,0.32%,0.98%
2017 Oct 11 16:59:08 [10] INFO  - ,6/25/2010 12:00:00 AM,0.94%,0.10%,0.85%,-0.78%,1.16%,1.62%,-0.49%,1.21%,1.70%,-0.51%
2017 Oct 11 16:59:08 [10] INFO  - ,7/2/2010 12:00:00 AM,-0.45%,-2.48%,-3.06%,0.58%,-0.99%,-1.81%,0.84%,-1.08%,-1.89%,0.83%
2017 Oct 11 16:59:08 [10] INFO  - ,7/9/2010 12:00:00 AM,0.26%,1.38%,1.19%,0.20%,0.43%,0.32%,0.11%,0.57%,0.45%,0.11%
2017 Oct 11 16:59:08 [10] INFO  - ,7/16/2010 12:00:00 AM,0.85%,0.52%,0.55%,-0.04%,0.54%,0.53%,0.00%,0.55%,0.54%,0.00%
2017 Oct 11 16:59:08 [10] INFO  - ,7/23/2010 12:00:00 AM,-0.49%,1.89%,1.39%,0.51%,1.10%,0.36%,0.73%,1.21%,0.50%,0.71%
2017 Oct 11 16:59:08 [10] INFO  - ,7/30/2010 12:00:00 AM,0.62%,0.26%,0.21%,0.03%,0.37%,0.28%,0.08%,0.39%,0.30%,0.09%
2017 Oct 11 16:59:08 [10] INFO  - ,8/6/2010 12:00:00 AM,1.41%,1.75%,1.34%,0.42%,1.31%,1.01%,0.30%,1.32%,1.02%,0.31%
2017 Oct 11 16:59:08 [10] INFO  - ,8/13/2010 12:00:00 AM,1.40%,-0.90%,-0.13%,-0.74%,-0.38%,0.26%,-0.63%,-0.36%,0.28%,-0.63%
2017 Oct 11 16:59:08 [10] INFO  - ,8/20/2010 12:00:00 AM,0.53%,-0.09%,0.66%,-0.73%,0.18%,1.04%,-0.84%,0.15%,1.00%,-0.83%
2017 Oct 11 16:59:08 [10] INFO  - ,8/27/2010 12:00:00 AM,0.70%,0.57%,0.28%,0.30%,0.51%,0.92%,-0.40%,0.48%,0.81%,-0.31%
2017 Oct 11 16:59:08 [10] INFO  - ,9/3/2010 12:00:00 AM,2.79%,2.70%,1.98%,0.71%,0.95%,-0.32%,1.27%,1.39%,0.21%,1.18%
2017 Oct 11 16:59:08 [10] INFO  - ,9/10/2010 12:00:00 AM,-0.53%,1.39%,0.61%,0.80%,0.79%,-0.07%,0.88%,0.91%,0.08%,0.85%
2017 Oct 11 16:59:08 [10] INFO  - ,9/17/2010 12:00:00 AM,2.32%,2.00%,1.78%,0.23%,1.10%,0.86%,0.25%,1.10%,0.86%,0.25%
2017 Oct 11 16:59:08 [10] INFO  - ,9/24/2010 12:00:00 AM,1.64%,1.71%,1.45%,0.27%,1.33%,1.18%,0.15%,1.33%,1.18%,0.15%
2017 Oct 11 16:59:08 [10] INFO  - ,10/1/2010 12:00:00 AM,-0.36%,0.56%,0.74%,-0.18%,0.71%,0.85%,-0.15%,0.71%,0.85%,-0.15%
2017 Oct 11 16:59:08 [10] INFO  - ,10/8/2010 12:00:00 AM,2.02%,2.85%,2.46%,0.38%,2.23%,1.99%,0.23%,2.23%,1.99%,0.23%
2017 Oct 11 16:59:08 [10] INFO  - ,10/15/2010 12:00:00 AM,0.92%,-0.26%,0.00%,-0.27%,-0.69%,-0.30%,-0.39%,-0.67%,-0.33%,-0.34%
2017 Oct 11 16:59:08 [10] INFO  - ,10/22/2010 12:00:00 AM,0.45%,-0.57%,-0.43%,-0.13%,-0.65%,-0.52%,-0.14%,-0.63%,-0.52%,-0.12%
2017 Oct 11 16:59:08 [10] INFO  - ,10/29/2010 12:00:00 AM,0.52%,-0.11%,-0.45%,0.35%,0.06%,-0.34%,0.41%,0.10%,-0.35%,0.45%
2017 Oct 11 16:59:08 [10] INFO  - ,11/5/2010 12:00:00 AM,2.37%,1.30%,1.89%,-0.58%,0.42%,1.20%,-0.78%,0.55%,1.19%,-0.64%
2017 Oct 11 16:59:08 [10] INFO  - ,11/12/2010 12:00:00 AM,-0.97%,-1.25%,-1.44%,0.18%,-0.86%,-1.17%,0.30%,-0.94%,-1.16%,0.21%
2017 Oct 11 16:59:08 [10] INFO  - ,11/19/2010 12:00:00 AM,-0.40%,-0.74%,-0.81%,0.09%,-0.72%,-0.82%,0.12%,-0.75%,-0.82%,0.08%
2017 Oct 11 16:59:08 [10] INFO  - ,11/26/2010 12:00:00 AM,-0.55%,0.14%,-0.10%,0.23%,0.09%,-0.31%,0.38%,0.11%,-0.34%,0.43%
2017 Oct 11 16:59:08 [10] INFO  - ,12/3/2010 12:00:00 AM,1.42%,2.08%,2.08%,0.01%,1.40%,1.41%,-0.01%,1.45%,1.40%,0.06%
2017 Oct 11 16:59:08 [10] INFO  - ,12/10/2010 12:00:00 AM,-0.46%,-1.87%,-1.82%,-0.03%,-2.16%,-2.06%,-0.07%,-2.10%,-2.08%,0.00%
2017 Oct 11 16:59:08 [10] INFO  - ,12/17/2010 12:00:00 AM,0.18%,0.07%,0.41%,-0.36%,-0.01%,0.34%,-0.38%,-0.02%,0.34%,-0.38%
2017 Oct 11 16:59:08 [10] INFO  - ,12/24/2010 12:00:00 AM,0.43%,1.90%,1.35%,0.54%,1.51%,1.08%,0.42%,1.57%,1.07%,0.48%
2017 Oct 11 16:59:08 [10] INFO  - ,12/31/2010 12:00:00 AM,0.74%,1.01%,0.59%,0.41%,1.33%,0.85%,0.47%,1.27%,0.84%,0.41%
2017 Oct 11 16:59:08 [10] INFO  - ,1/7/2011 12:00:00 AM,-0.03%,-0.10%,-0.79%,0.70%,-0.50%,-0.96%,0.46%,-0.23%,-1.01%,0.78%
2017 Oct 11 16:59:08 [10] INFO  - ,1/14/2011 12:00:00 AM,0.10%,0.73%,0.13%,0.58%,-0.06%,-0.48%,0.40%,0.17%,-0.48%,0.63%
2017 Oct 11 16:59:08 [10] INFO  - ,1/21/2011 12:00:00 AM,-0.99%,-1.23%,-1.24%,0.04%,-1.04%,-1.11%,0.09%,-1.30%,-1.04%,-0.24%
2017 Oct 11 16:59:08 [10] INFO  - ,1/28/2011 12:00:00 AM,0.02%,0.86%,0.91%,-0.07%,0.86%,0.88%,-0.05%,0.88%,0.86%,-0.01%
2017 Oct 11 16:59:08 [10] INFO  - ,2/4/2011 12:00:00 AM,0.10%,-0.19%,0.30%,-0.48%,-0.75%,-0.15%,-0.60%,-0.47%,-0.16%,-0.31%
2017 Oct 11 16:59:08 [10] INFO  - ,2/11/2011 12:00:00 AM,0.85%,-0.80%,-0.06%,-0.75%,-0.93%,-0.04%,-0.91%,-0.70%,-0.09%,-0.62%
2017 Oct 11 16:59:08 [10] INFO  - ,2/18/2011 12:00:00 AM,0.50%,0.24%,0.86%,-0.64%,-0.42%,0.49%,-0.92%,-0.25%,0.45%,-0.70%
2017 Oct 11 16:59:08 [10] INFO  - ,2/25/2011 12:00:00 AM,0.47%,0.87%,0.58%,0.27%,2.13%,1.29%,0.81%,1.47%,1.17%,0.28%
2017 Oct 11 16:59:08 [10] INFO  - ,3/4/2011 12:00:00 AM,1.25%,0.10%,1.09%,-1.02%,-0.18%,0.77%,-0.97%,-0.15%,0.75%,-0.93%
2017 Oct 11 16:59:08 [10] INFO  - ,3/11/2011 12:00:00 AM,1.50%,-0.16%,-1.33%,1.16%,0.85%,-0.32%,1.17%,0.51%,-0.27%,0.78%
2017 Oct 11 16:59:08 [10] INFO  - ,3/18/2011 12:00:00 AM,-1.03%,-1.87%,-2.25%,0.37%,-0.35%,-0.56%,0.20%,-0.61%,-0.37%,-0.25%
2017 Oct 11 16:59:08 [10] INFO  - ,3/25/2011 12:00:00 AM,1.89%,0.61%,0.78%,-0.18%,-1.99%,-1.15%,-0.84%,-1.76%,-1.24%,-0.52%
2017 Oct 11 16:59:08 [10] INFO  - ,4/1/2011 12:00:00 AM,1.07%,1.06%,1.10%,-0.07%,0.05%,0.56%,-0.53%,0.19%,0.52%,-0.35%
2017 Oct 11 16:59:08 [10] INFO  - ,4/8/2011 12:00:00 AM,0.24%,1.12%,2.16%,-1.04%,0.61%,1.82%,-1.21%,0.49%,1.84%,-1.34%
2017 Oct 11 16:59:08 [10] INFO  - ,4/15/2011 12:00:00 AM,2.07%,0.04%,0.10%,-0.09%,1.02%,0.67%,0.34%,0.97%,0.69%,0.27%
2017 Oct 11 16:59:08 [10] INFO  - ,4/22/2011 12:00:00 AM,1.67%,-0.22%,0.35%,-0.57%,-1.01%,-0.03%,-0.96%,-0.83%,-0.10%,-0.72%
2017 Oct 11 16:59:08 [10] INFO  - ,4/29/2011 12:00:00 AM,2.67%,1.01%,1.26%,-0.24%,0.50%,0.98%,-0.47%,0.69%,0.95%,-0.26%
2017 Oct 11 16:59:08 [10] INFO  - ,5/6/2011 12:00:00 AM,-1.89%,5.25%,-0.22%,5.48%,5.66%,0.02%,5.64%,5.34%,0.13%,5.22%
2017 Oct 11 16:59:08 [10] INFO  - ,5/13/2011 12:00:00 AM,0.46%,0.52%,0.27%,0.24%,0.55%,0.31%,0.23%,0.51%,0.31%,0.19%
2017 Oct 11 16:59:08 [10] INFO  - ,5/20/2011 12:00:00 AM,0.16%,1.04%,0.76%,0.29%,1.30%,0.93%,0.39%,1.33%,0.97%,0.38%
2017 Oct 11 16:59:08 [10] INFO  - ,5/27/2011 12:00:00 AM,0.57%,2.59%,2.10%,0.51%,2.73%,2.19%,0.55%,2.73%,2.15%,0.60%
2017 Oct 11 16:59:08 [10] INFO  - ,6/3/2011 12:00:00 AM,0.45%,0.29%,-0.03%,0.31%,0.40%,0.10%,0.31%,0.14%,0.09%,0.07%
2017 Oct 11 16:59:08 [10] INFO  - ,6/10/2011 12:00:00 AM,-0.45%,0.25%,0.32%,-0.03%,1.05%,0.82%,0.25%,0.94%,0.89%,0.07%
2017 Oct 11 16:59:08 [10] INFO  - ,6/17/2011 12:00:00 AM,-0.57%,1.14%,-0.12%,1.27%,1.82%,0.67%,1.16%,1.64%,0.47%,1.18%
2017 Oct 11 16:59:08 [10] INFO  - ,6/24/2011 12:00:00 AM,-0.26%,1.14%,0.94%,0.18%,1.26%,1.10%,0.14%,1.29%,1.08%,0.21%
2017 Oct 11 16:59:08 [10] INFO  - ,7/1/2011 12:00:00 AM,1.19%,-0.01%,-1.36%,1.33%,-2.24%,-3.80%,1.54%,-1.81%,-3.42%,1.57%
2017 Oct 11 16:59:08 [10] INFO  - ,7/8/2011 12:00:00 AM,2.72%,2.45%,4.04%,-1.60%,2.34%,3.89%,-1.56%,2.49%,3.85%,-1.37%
2017 Oct 11 16:59:08 [10] INFO  - ,7/15/2011 12:00:00 AM,1.78%,0.70%,1.23%,-0.51%,1.78%,2.16%,-0.36%,1.37%,2.04%,-0.64%
2017 Oct 11 16:59:08 [10] INFO  - ,7/22/2011 12:00:00 AM,0.35%,0.07%,0.06%,0.01%,-0.69%,-0.54%,-0.14%,0.03%,-0.20%,0.23%
2017 Oct 11 16:59:08 [10] INFO  - ,7/29/2011 12:00:00 AM,1.67%,2.25%,1.92%,0.33%,3.21%,3.05%,0.17%,2.57%,2.70%,-0.12%
2017 Oct 11 16:59:08 [10] INFO  - ,8/5/2011 12:00:00 AM,-0.02%,0.21%,-0.38%,0.58%,4.58%,3.14%,1.45%,2.04%,1.46%,0.59%
2017 Oct 11 16:59:08 [10] INFO  - ,8/12/2011 12:00:00 AM,1.46%,2.05%,2.20%,-0.13%,3.29%,3.26%,0.04%,2.34%,2.43%,-0.09%
2017 Oct 11 16:59:08 [10] INFO  - ,8/19/2011 12:00:00 AM,-0.40%,1.19%,1.52%,-0.31%,2.02%,2.67%,-0.63%,1.19%,1.52%,-0.31%
2017 Oct 11 16:59:08 [10] INFO  - ,8/26/2011 12:00:00 AM,0.55%,0.82%,0.82%,0.01%,0.15%,-0.16%,0.30%,0.82%,0.82%,0.01%
2017 Oct 11 16:59:08 [10] INFO  - ,9/2/2011 12:00:00 AM,0.79%,-0.16%,-0.10%,-0.08%,-0.17%,-0.11%,-0.09%,-0.16%,-0.10%,-0.08%
2017 Oct 11 16:59:08 [10] INFO  - ,9/9/2011 12:00:00 AM,0.91%,-0.26%,-0.29%,0.04%,-0.04%,-0.08%,0.04%,-0.26%,-0.29%,0.04%
2017 Oct 11 16:59:08 [10] INFO  - ,9/16/2011 12:00:00 AM,-0.68%,0.75%,0.42%,0.32%,0.11%,-0.32%,0.41%,0.82%,0.50%,0.30%
2017 Oct 11 16:59:08 [10] INFO  - ,9/23/2011 12:00:00 AM,-3.78%,0.34%,-0.29%,0.69%,1.77%,1.46%,0.37%,0.34%,-0.29%,0.69%
2017 Oct 11 16:59:08 [10] INFO  - ,9/30/2011 12:00:00 AM,-0.78%,-0.79%,-2.01%,1.20%,-0.71%,-1.92%,1.20%,-0.79%,-2.01%,1.20%
2017 Oct 11 16:59:08 [10] INFO  - ,10/7/2011 12:00:00 AM,-0.03%,2.77%,1.20%,1.59%,2.38%,0.74%,1.64%,2.77%,1.20%,1.59%
2017 Oct 11 16:59:08 [10] INFO  - ,10/14/2011 12:00:00 AM,0.37%,0.24%,0.03%,0.24%,-0.62%,-1.01%,0.42%,0.15%,-0.21%,0.39%
2017 Oct 11 16:59:08 [10] INFO  - ,10/21/2011 12:00:00 AM,0.02%,0.83%,1.62%,-0.79%,0.81%,1.45%,-0.65%,0.46%,1.13%,-0.67%
2017 Oct 11 16:59:08 [10] INFO  - ,10/28/2011 12:00:00 AM,0.96%,0.95%,2.04%,-1.07%,-0.20%,1.19%,-1.37%,1.05%,1.50%,-0.44%
2017 Oct 11 16:59:08 [10] INFO  - ,11/4/2011 12:00:00 AM,1.34%,2.04%,3.15%,-1.15%,2.97%,4.08%,-1.14%,2.59%,4.18%,-1.63%
2017 Oct 11 16:59:08 [10] INFO  - ,11/11/2011 12:00:00 AM,-0.35%,0.55%,0.20%,0.37%,0.80%,0.40%,0.40%,0.81%,0.43%,0.40%
2017 Oct 11 16:59:08 [10] INFO  - ,11/18/2011 12:00:00 AM,-0.30%,-0.52%,-2.38%,1.86%,0.32%,-1.48%,1.80%,-0.21%,-1.58%,1.37%
2017 Oct 11 16:59:08 [10] INFO  - ,11/25/2011 12:00:00 AM,-0.73%,-0.51%,-1.99%,1.46%,0.68%,-1.24%,1.90%,-0.22%,-1.21%,0.98%
2017 Oct 11 16:59:08 [10] INFO  - ,12/2/2011 12:00:00 AM,3.05%,2.01%,1.81%,0.22%,1.08%,1.31%,-0.23%,2.01%,1.81%,0.22%
2017 Oct 11 16:59:08 [10] INFO  - ,12/9/2011 12:00:00 AM,0.24%,0.75%,0.45%,0.27%,0.95%,0.52%,0.41%,1.12%,0.52%,0.59%
2017 Oct 11 16:59:08 [10] INFO  - ,12/16/2011 12:00:00 AM,0.20%,0.79%,0.30%,0.47%,1.22%,0.46%,0.74%,0.73%,0.43%,0.29%
2017 Oct 11 16:59:08 [10] INFO  - ,12/23/2011 12:00:00 AM,-0.49%,0.14%,0.01%,0.13%,-0.37%,-0.59%,0.21%,0.14%,0.01%,0.13%
2017 Oct 11 16:59:08 [10] INFO  - ,12/30/2011 12:00:00 AM,1.65%,2.19%,2.66%,-0.50%,2.07%,2.56%,-0.50%,2.06%,2.62%,-0.58%
2017 Oct 11 16:59:08 [10] INFO  - ,1/6/2012 12:00:00 AM,0.97%,1.51%,1.32%,0.23%,1.42%,1.25%,0.19%,1.85%,1.26%,0.61%
2017 Oct 11 16:59:08 [10] INFO  - ,1/13/2012 12:00:00 AM,2.30%,1.76%,2.64%,-0.84%,1.39%,2.42%,-1.00%,1.65%,2.39%,-0.72%
2017 Oct 11 16:59:08 [10] INFO  - ,1/20/2012 12:00:00 AM,-0.59%,0.28%,-0.36%,0.64%,-0.55%,-1.05%,0.49%,-0.13%,-1.05%,0.91%
2017 Oct 11 16:59:08 [10] INFO  - ,1/27/2012 12:00:00 AM,2.08%,1.97%,0.89%,1.10%,1.81%,0.69%,1.13%,1.94%,0.69%,1.27%
2017 Oct 11 16:59:08 [10] INFO  - ,2/3/2012 12:00:00 AM,-0.06%,0.55%,1.20%,-0.63%,-0.02%,0.77%,-0.79%,0.63%,0.72%,-0.09%
2017 Oct 11 16:59:08 [10] INFO  - ,2/10/2012 12:00:00 AM,-0.24%,0.60%,-0.15%,0.76%,0.64%,-0.10%,0.75%,0.58%,-0.15%,0.73%
2017 Oct 11 16:59:08 [10] INFO  - ,2/17/2012 12:00:00 AM,-0.39%,0.82%,1.16%,-0.35%,0.53%,0.82%,-0.31%,0.78%,0.78%,-0.01%
2017 Oct 11 16:59:08 [10] INFO  - ,2/24/2012 12:00:00 AM,0.84%,2.79%,4.20%,-1.38%,2.61%,3.98%,-1.35%,2.57%,3.89%,-1.31%
2017 Oct 11 16:59:08 [10] INFO  - ,3/2/2012 12:00:00 AM,0.68%,2.21%,2.51%,-0.27%,2.09%,2.32%,-0.21%,2.04%,2.42%,-0.36%
2017 Oct 11 16:59:08 [10] INFO  - ,3/9/2012 12:00:00 AM,-0.12%,0.07%,-0.22%,0.27%,0.23%,0.21%,-0.01%,0.14%,0.20%,-0.09%
2017 Oct 11 16:59:08 [10] INFO  - ,3/16/2012 12:00:00 AM,-2.14%,-2.66%,-2.56%,-0.13%,-3.02%,-2.92%,-0.12%,-2.94%,-2.92%,-0.04%
2017 Oct 11 16:59:08 [10] INFO  - ,3/23/2012 12:00:00 AM,1.03%,0.77%,0.47%,0.30%,1.08%,0.77%,0.31%,0.98%,0.77%,0.21%
2017 Oct 11 16:59:08 [10] INFO  - ,3/30/2012 12:00:00 AM,0.97%,0.43%,0.19%,0.28%,0.61%,0.34%,0.30%,0.89%,0.49%,0.42%
2017 Oct 11 16:59:08 [10] INFO  - ,4/6/2012 12:00:00 AM,1.25%,-0.26%,-0.04%,-0.24%,0.13%,0.33%,-0.21%,-0.12%,0.45%,-0.56%
2017 Oct 11 16:59:08 [10] INFO  - ,4/13/2012 12:00:00 AM,0.99%,2.18%,0.74%,1.46%,2.52%,0.87%,1.67%,2.38%,0.49%,1.91%
2017 Oct 11 16:59:08 [10] INFO  - ,4/20/2012 12:00:00 AM,0.05%,-0.09%,-0.18%,0.09%,-0.49%,-0.38%,-0.11%,-0.36%,-0.41%,0.05%
2017 Oct 11 16:59:08 [10] INFO  - ,4/27/2012 12:00:00 AM,1.62%,1.45%,2.27%,-0.80%,1.24%,1.76%,-0.51%,1.66%,1.85%,-0.18%
2017 Oct 11 16:59:08 [10] INFO  - ,5/4/2012 12:00:00 AM,0.01%,-1.04%,-1.90%,0.87%,-0.67%,-1.65%,0.97%,-1.55%,-1.48%,-0.08%
2017 Oct 11 16:59:08 [10] INFO  - ,5/11/2012 12:00:00 AM,0.63%,0.05%,-0.74%,0.78%,0.69%,-0.41%,1.08%,0.56%,-0.39%,0.94%
2017 Oct 11 16:59:08 [10] INFO  - ,5/18/2012 12:00:00 AM,2.95%,-1.93%,-3.14%,1.22%,0.33%,-0.97%,1.30%,-0.54%,-0.96%,0.42%
2017 Oct 11 16:59:08 [10] INFO  - ,5/25/2012 12:00:00 AM,-0.21%,2.77%,3.33%,-0.55%,1.97%,2.47%,-0.50%,2.06%,2.51%,-0.46%
2017 Oct 11 16:59:08 [10] INFO  - ,6/1/2012 12:00:00 AM,-2.06%,2.98%,3.11%,-0.16%,3.88%,3.72%,0.13%,3.68%,3.59%,0.05%
2017 Oct 11 16:59:09 [10] INFO  - ,6/8/2012 12:00:00 AM,1.99%,-0.34%,-0.70%,0.36%,-1.59%,-1.54%,-0.04%,-1.04%,-1.11%,0.08%
2017 Oct 11 16:59:09 [10] INFO  - ,6/15/2012 12:00:00 AM,0.69%,0.95%,0.95%,0.02%,0.68%,0.77%,-0.09%,1.07%,0.95%,0.12%
2017 Oct 11 16:59:09 [10] INFO  - ,6/22/2012 12:00:00 AM,0.35%,-1.01%,-0.11%,-0.90%,-0.97%,-0.07%,-0.89%,-0.59%,0.12%,-0.69%
2017 Oct 11 16:59:09 [10] INFO  - ,6/29/2012 12:00:00 AM,0.54%,0.65%,-1.15%,1.78%,-0.29%,-1.61%,1.31%,0.40%,-1.20%,1.59%
2017 Oct 11 16:59:09 [10] INFO  - ,7/6/2012 12:00:00 AM,1.38%,3.02%,2.27%,0.76%,3.09%,2.30%,0.79%,3.45%,2.55%,0.90%
2017 Oct 11 16:59:09 [10] INFO  - ,7/13/2012 12:00:00 AM,0.50%,-0.05%,0.05%,-0.11%,0.14%,0.26%,-0.11%,0.06%,0.19%,-0.13%
2017 Oct 11 16:59:09 [10] INFO  - ,7/20/2012 12:00:00 AM,0.05%,-0.23%,0.37%,-0.59%,-0.71%,0.16%,-0.85%,-0.49%,0.30%,-0.78%
2017 Oct 11 16:59:09 [10] INFO  - ,7/27/2012 12:00:00 AM,-0.90%,0.44%,-0.50%,0.93%,0.03%,-0.99%,1.01%,0.44%,-0.52%,0.96%
2017 Oct 11 16:59:09 [10] INFO  - ,8/3/2012 12:00:00 AM,-0.50%,1.47%,1.63%,-0.19%,0.83%,1.22%,-0.39%,1.07%,1.37%,-0.31%
2017 Oct 11 16:59:09 [10] INFO  - ,8/10/2012 12:00:00 AM,-0.56%,1.79%,0.95%,0.85%,0.70%,0.22%,0.48%,0.73%,0.16%,0.57%
2017 Oct 11 16:59:09 [10] INFO  - ,8/17/2012 12:00:00 AM,-0.74%,0.29%,-0.13%,0.40%,-0.33%,-0.65%,0.30%,-0.26%,-0.73%,0.45%
2017 Oct 11 16:59:09 [10] INFO  - ,8/24/2012 12:00:00 AM,2.20%,3.22%,2.67%,0.55%,3.80%,3.24%,0.56%,3.78%,3.20%,0.57%
2017 Oct 11 16:59:09 [10] INFO  - ,8/31/2012 12:00:00 AM,1.51%,1.48%,1.58%,-0.09%,1.96%,2.07%,-0.10%,1.95%,2.07%,-0.11%
2017 Oct 11 16:59:09 [10] INFO  - ,9/7/2012 12:00:00 AM,0.31%,3.30%,2.02%,1.27%,2.14%,1.19%,0.95%,2.24%,1.19%,1.05%
2017 Oct 11 16:59:09 [10] INFO  - ,9/14/2012 12:00:00 AM,2.04%,0.92%,0.58%,0.35%,-0.28%,-0.12%,-0.15%,-0.19%,-0.16%,-0.02%
2017 Oct 11 16:59:09 [10] INFO  - ,9/21/2012 12:00:00 AM,0.60%,-0.97%,-1.06%,0.09%,-0.72%,-0.87%,0.14%,-0.71%,-0.86%,0.15%
2017 Oct 11 16:59:09 [10] INFO  - ,9/28/2012 12:00:00 AM,-0.33%,1.08%,0.01%,1.05%,2.06%,0.59%,1.46%,1.58%,0.69%,0.87%
2017 Oct 11 16:59:09 [10] INFO  - ,10/5/2012 12:00:00 AM,0.99%,-0.38%,-0.35%,-0.05%,-1.35%,-1.07%,-0.31%,-1.26%,-1.16%,-0.12%
2017 Oct 11 16:59:09 [10] INFO  - ,10/12/2012 12:00:00 AM,-0.51%,1.24%,0.19%,1.05%,2.18%,1.03%,1.15%,1.82%,1.19%,0.63%
2017 Oct 11 16:59:09 [10] INFO  - ,10/19/2012 12:00:00 AM,-0.13%,-0.74%,-1.16%,0.40%,-1.44%,-1.48%,0.03%,-1.44%,-1.48%,0.03%
2017 Oct 11 16:59:09 [10] INFO  - ,10/26/2012 12:00:00 AM,-0.58%,-0.71%,-0.74%,0.04%,0.01%,-0.18%,0.20%,-0.03%,-0.16%,0.15%
2017 Oct 11 16:59:09 [10] INFO  - ,11/2/2012 12:00:00 AM,0.59%,-0.59%,-0.38%,-0.21%,-0.85%,-0.66%,-0.19%,-0.72%,-0.71%,-0.01%
2017 Oct 11 16:59:09 [10] INFO  - ,11/9/2012 12:00:00 AM,0.29%,1.17%,0.88%,0.31%,1.63%,1.33%,0.31%,1.40%,1.36%,0.04%
2017 Oct 11 16:59:09 [10] INFO  - ,11/16/2012 12:00:00 AM,-0.92%,-1.44%,-1.40%,-0.03%,0.29%,0.32%,-0.03%,0.35%,0.40%,-0.05%
2017 Oct 11 16:59:09 [10] INFO  - ,11/23/2012 12:00:00 AM,2.39%,1.31%,1.29%,0.03%,-0.53%,-0.58%,0.06%,-0.19%,-0.29%,0.11%
2017 Oct 11 16:59:09 [10] INFO  - ,11/30/2012 12:00:00 AM,1.42%,-0.09%,0.02%,-0.12%,-0.59%,-0.45%,-0.14%,-0.59%,-0.46%,-0.14%
2017 Oct 11 16:59:09 [10] INFO  - ,12/7/2012 12:00:00 AM,1.11%,0.29%,0.42%,-0.14%,0.02%,0.14%,-0.13%,0.02%,0.14%,-0.13%
2017 Oct 11 16:59:09 [10] INFO  - ,12/14/2012 12:00:00 AM,-0.50%,-0.56%,-0.18%,-0.36%,-0.68%,-0.30%,-0.37%,-0.63%,-0.32%,-0.30%
2017 Oct 11 16:59:09 [10] INFO  - ,12/21/2012 12:00:00 AM,0.03%,-0.98%,-1.22%,0.24%,-1.23%,-1.40%,0.17%,-1.28%,-1.39%,0.11%
2017 Oct 11 16:59:09 [10] INFO  - ,12/28/2012 12:00:00 AM,0.56%,0.35%,0.88%,-0.54%,1.09%,1.52%,-0.43%,1.16%,1.51%,-0.35%
2017 Oct 11 16:59:09 [10] INFO  - ,1/4/2013 12:00:00 AM,-0.01%,-0.27%,0.12%,-0.40%,-2.87%,-2.56%,-0.31%,-2.70%,-2.64%,-0.07%
2017 Oct 11 16:59:09 [10] INFO  - ,1/11/2013 12:00:00 AM,0.23%,-0.19%,0.10%,-0.28%,-0.26%,0.07%,-0.32%,-0.27%,0.07%,-0.33%
2017 Oct 11 16:59:09 [10] INFO  - ,1/18/2013 12:00:00 AM,1.41%,0.99%,0.63%,0.37%,0.74%,0.59%,0.17%,0.93%,0.54%,0.40%
2017 Oct 11 16:59:09 [10] INFO  - ,1/25/2013 12:00:00 AM,0.17%,0.29%,0.46%,-0.17%,-0.51%,-0.17%,-0.33%,-0.37%,-0.28%,-0.08%
2017 Oct 11 16:59:09 [10] INFO  - ,2/1/2013 12:00:00 AM,-0.16%,0.97%,1.13%,-0.16%,0.26%,0.64%,-0.39%,0.37%,0.59%,-0.22%
2017 Oct 11 16:59:09 [10] INFO  - ,2/8/2013 12:00:00 AM,1.56%,-1.35%,-0.90%,-0.46%,-0.76%,-0.39%,-0.37%,-0.71%,-0.44%,-0.28%
2017 Oct 11 16:59:09 [10] INFO  - ,2/15/2013 12:00:00 AM,-0.18%,0.99%,1.37%,-0.38%,0.96%,1.38%,-0.42%,1.11%,1.31%,-0.20%
2017 Oct 11 16:59:09 [10] INFO  - ,2/22/2013 12:00:00 AM,0.83%,-0.01%,0.03%,-0.04%,-0.47%,-0.49%,0.00%,-0.83%,-0.54%,-0.30%
2017 Oct 11 16:59:09 [10] INFO  - ,3/1/2013 12:00:00 AM,2.43%,-1.43%,-1.13%,-0.30%,-1.54%,-1.24%,-0.31%,-1.53%,-1.21%,-0.31%
2017 Oct 11 16:59:09 [10] INFO  - ,3/8/2013 12:00:00 AM,0.28%,-0.57%,0.40%,-0.96%,-1.74%,-0.28%,-1.45%,-1.56%,-0.35%,-1.19%
2017 Oct 11 16:59:09 [10] INFO  - ,3/15/2013 12:00:00 AM,1.70%,0.97%,1.06%,-0.07%,1.13%,1.11%,0.03%,1.25%,1.07%,0.19%
2017 Oct 11 16:59:09 [10] INFO  - ,3/22/2013 12:00:00 AM,0.48%,0.20%,-0.36%,0.57%,0.85%,0.29%,0.58%,0.48%,0.30%,0.20%
2017 Oct 11 16:59:09 [10] INFO  - ,3/29/2013 12:00:00 AM,0.48%,2.97%,2.76%,0.21%,2.96%,2.71%,0.25%,3.07%,2.66%,0.41%
2017 Oct 11 16:59:09 [10] INFO  - ,4/5/2013 12:00:00 AM,0.00%,0.76%,0.61%,0.13%,1.48%,1.33%,0.15%,1.12%,1.43%,-0.32%
2017 Oct 11 16:59:09 [10] INFO  - ,4/12/2013 12:00:00 AM,1.51%,2.03%,2.29%,-0.31%,0.36%,1.00%,-0.68%,0.43%,0.91%,-0.52%
2017 Oct 11 16:59:09 [10] INFO  - ,4/19/2013 12:00:00 AM,-0.03%,-0.41%,-1.41%,1.04%,1.66%,0.86%,0.85%,1.70%,1.24%,0.52%
2017 Oct 11 16:59:09 [10] INFO  - ,4/26/2013 12:00:00 AM,1.16%,3.59%,1.82%,1.77%,0.84%,-0.04%,0.88%,0.84%,-0.04%,0.88%
2017 Oct 11 16:59:09 [10] INFO  - ,5/3/2013 12:00:00 AM,1.42%,0.68%,-0.06%,0.73%,-1.02%,-1.44%,0.40%,-1.03%,-1.47%,0.43%
2017 Oct 11 16:59:09 [10] INFO  - ,5/10/2013 12:00:00 AM,-0.96%,-0.30%,-1.21%,0.90%,-1.36%,-2.70%,1.33%,-1.35%,-2.75%,1.38%
2017 Oct 11 16:59:09 [10] INFO  - ,5/17/2013 12:00:00 AM,0.25%,1.44%,1.33%,0.07%,1.07%,0.73%,0.29%,1.23%,0.53%,0.65%
2017 Oct 11 16:59:09 [10] INFO  - ,5/24/2013 12:00:00 AM,0.09%,0.76%,-1.14%,1.88%,0.98%,-0.92%,1.88%,0.65%,-1.39%,2.03%
2017 Oct 11 16:59:09 [10] INFO  - ,5/31/2013 12:00:00 AM,1.62%,-3.61%,-2.90%,-0.71%,-3.51%,-2.79%,-0.73%,-3.61%,-2.90%,-0.71%
2017 Oct 11 16:59:09 [10] INFO  - ,6/7/2013 12:00:00 AM,0.42%,0.69%,-0.33%,1.02%,1.55%,0.27%,1.27%,0.98%,0.33%,0.63%
2017 Oct 11 16:59:09 [10] INFO  - ,6/14/2013 12:00:00 AM,0.29%,-0.95%,-1.37%,0.41%,-0.31%,-0.96%,0.64%,-0.38%,-0.86%,0.47%
2017 Oct 11 16:59:09 [10] INFO  - ,6/21/2013 12:00:00 AM,5.21%,-0.25%,-0.09%,-0.17%,0.56%,0.58%,-0.04%,0.45%,0.62%,-0.20%
2017 Oct 11 16:59:09 [10] INFO  - ,6/28/2013 12:00:00 AM,-0.71%,-0.37%,0.18%,-0.54%,-1.26%,-0.72%,-0.54%,-0.98%,-0.43%,-0.55%
2017 Oct 11 16:59:09 [10] INFO  - ,7/5/2013 12:00:00 AM,-0.03%,2.55%,2.62%,-0.07%,1.58%,1.53%,0.06%,1.62%,1.58%,0.05%
2017 Oct 11 16:59:09 [10] INFO  - ,7/12/2013 12:00:00 AM,-1.04%,-0.61%,-0.88%,0.29%,-1.97%,-2.13%,0.18%,-1.92%,-2.22%,0.33%
2017 Oct 11 16:59:09 [10] INFO  - ,7/19/2013 12:00:00 AM,-1.09%,-0.80%,-0.06%,-0.74%,-0.83%,-0.21%,-0.62%,-0.66%,-0.27%,-0.40%
2017 Oct 11 16:59:09 [10] INFO  - ,7/26/2013 12:00:00 AM,-0.01%,0.88%,0.17%,0.71%,0.59%,-0.01%,0.61%,0.52%,0.01%,0.52%
2017 Oct 11 16:59:09 [10] INFO  - ,8/2/2013 12:00:00 AM,0.22%,2.59%,3.52%,-0.92%,1.85%,2.64%,-0.79%,2.03%,2.49%,-0.46%
2017 Oct 11 16:59:09 [10] INFO  - ,8/9/2013 12:00:00 AM,-0.28%,-1.25%,-1.43%,0.18%,-0.64%,-0.94%,0.29%,-0.83%,-0.93%,0.10%
2017 Oct 11 16:59:09 [10] INFO  - ,8/16/2013 12:00:00 AM,-0.58%,2.39%,1.52%,0.88%,2.06%,1.38%,0.68%,1.74%,1.44%,0.29%
2017 Oct 11 16:59:09 [10] INFO  - ,8/23/2013 12:00:00 AM,1.17%,-0.21%,0.06%,-0.27%,-0.22%,-0.03%,-0.20%,-0.18%,-0.05%,-0.13%
2017 Oct 11 16:59:09 [10] INFO  - ,8/30/2013 12:00:00 AM,0.06%,-0.87%,-0.96%,0.10%,-0.24%,-0.33%,0.10%,-0.31%,-0.28%,-0.02%
2017 Oct 11 16:59:09 [10] INFO  - ,9/6/2013 12:00:00 AM,-0.22%,2.13%,2.22%,-0.09%,1.35%,1.36%,-0.01%,1.42%,1.32%,0.09%
2017 Oct 11 16:59:09 [10] INFO  - ,9/13/2013 12:00:00 AM,-0.13%,0.23%,0.51%,-0.28%,-0.42%,-0.16%,-0.26%,-0.35%,-0.20%,-0.15%
2017 Oct 11 16:59:09 [10] INFO  - ,9/20/2013 12:00:00 AM,0.59%,-0.63%,0.12%,-0.73%,-1.03%,-0.49%,-0.52%,-0.99%,-0.52%,-0.45%
2017 Oct 11 16:59:09 [10] INFO  - ,9/27/2013 12:00:00 AM,1.27%,-1.59%,-1.66%,0.04%,-1.33%,-1.42%,0.07%,-1.34%,-1.34%,-0.02%
2017 Oct 11 16:59:09 [10] INFO  - ,10/4/2013 12:00:00 AM,0.01%,0.04%,0.12%,-0.07%,0.24%,0.34%,-0.09%,0.34%,0.31%,0.04%
2017 Oct 11 16:59:09 [10] INFO  - ,10/11/2013 12:00:00 AM,0.34%,1.20%,0.96%,0.24%,0.38%,0.16%,0.22%,0.28%,0.07%,0.21%
2017 Oct 11 16:59:09 [10] INFO  - ,10/18/2013 12:00:00 AM,1.45%,0.30%,0.59%,-0.29%,-0.26%,0.13%,-0.40%,-0.13%,0.10%,-0.23%
2017 Oct 11 16:59:09 [10] INFO  - ,10/25/2013 12:00:00 AM,0.61%,-1.07%,-0.97%,-0.07%,-1.27%,-1.11%,-0.15%,-1.22%,-1.12%,-0.09%
2017 Oct 11 16:59:09 [10] INFO  - ,11/1/2013 12:00:00 AM,0.19%,0.62%,0.42%,0.20%,0.41%,0.34%,0.08%,0.20%,0.34%,-0.13%
2017 Oct 11 16:59:09 [10] INFO  - ,11/8/2013 12:00:00 AM,-0.49%,-0.42%,-0.05%,-0.37%,-0.28%,0.02%,-0.30%,-0.22%,-0.01%,-0.21%
2017 Oct 11 16:59:09 [10] INFO  - ,11/15/2013 12:00:00 AM,0.66%,1.33%,1.64%,-0.28%,0.86%,1.24%,-0.37%,1.30%,1.10%,0.21%
2017 Oct 11 16:59:09 [10] INFO  - ,11/22/2013 12:00:00 AM,-0.30%,1.29%,0.95%,0.35%,1.13%,0.86%,0.29%,1.14%,0.84%,0.31%
2017 Oct 11 16:59:09 [10] INFO  - ,11/29/2013 12:00:00 AM,0.89%,-0.66%,0.29%,-0.94%,-1.07%,0.07%,-1.12%,-0.73%,-0.01%,-0.70%
2017 Oct 11 16:59:09 [10] INFO  - ,12/6/2013 12:00:00 AM,-1.44%,0.77%,-0.66%,1.45%,1.73%,-0.04%,1.78%,1.17%,0.09%,1.08%
2017 Oct 11 16:59:09 [10] INFO  - ,12/13/2013 12:00:00 AM,0.43%,-2.41%,-2.30%,-0.12%,-0.89%,-0.96%,0.07%,-1.36%,-0.94%,-0.43%
2017 Oct 11 16:59:09 [10] INFO  - ,12/20/2013 12:00:00 AM,-1.44%,3.21%,3.09%,0.12%,1.17%,1.84%,-0.65%,1.85%,1.78%,0.09%
2017 Oct 11 16:59:09 [10] INFO  - ,12/27/2013 12:00:00 AM,-1.28%,0.99%,1.56%,-0.54%,0.25%,0.79%,-0.53%,0.38%,0.74%,-0.35%
2017 Oct 11 16:59:09 [10] INFO  - ,1/3/2014 12:00:00 AM,0.00%,-1.76%,-2.37%,0.61%,-1.49%,-2.11%,0.62%,-1.65%,-2.07%,0.42%
2017 Oct 11 16:59:09 [10] INFO  - ,1/10/2014 12:00:00 AM,1.81%,-1.51%,-1.20%,-0.29%,-1.52%,-1.17%,-0.34%,-1.29%,-1.07%,-0.22%
2017 Oct 11 16:59:09 [10] INFO  - ,1/17/2014 12:00:00 AM,0.25%,0.57%,0.84%,-0.24%,0.13%,0.64%,-0.49%,0.70%,0.48%,0.23%
2017 Oct 11 16:59:09 [10] INFO  - ,1/24/2014 12:00:00 AM,1.61%,1.99%,1.14%,0.87%,2.54%,1.66%,0.91%,1.94%,1.80%,0.15%
2017 Oct 11 16:59:09 [10] INFO  - ,1/31/2014 12:00:00 AM,1.23%,0.13%,-0.12%,0.23%,0.59%,0.33%,0.24%,0.44%,0.33%,0.10%
2017 Oct 11 16:59:09 [10] INFO  - ,2/7/2014 12:00:00 AM,0.29%,0.77%,0.31%,0.45%,0.32%,-0.32%,0.64%,0.07%,-0.25%,0.32%
2017 Oct 11 16:59:09 [10] INFO  - ,2/14/2014 12:00:00 AM,1.17%,0.52%,0.54%,-0.03%,-0.51%,-0.41%,-0.11%,-0.32%,-0.49%,0.16%
2017 Oct 11 16:59:09 [10] INFO  - ,2/21/2014 12:00:00 AM,0.68%,0.64%,0.87%,-0.25%,0.22%,0.60%,-0.40%,0.33%,0.59%,-0.27%
2017 Oct 11 16:59:09 [10] INFO  - ,2/28/2014 12:00:00 AM,0.67%,1.82%,0.77%,1.04%,1.52%,0.62%,0.89%,1.77%,0.60%,1.17%
2017 Oct 11 16:59:09 [10] INFO  - ,3/7/2014 12:00:00 AM,-0.83%,-0.59%,-0.73%,0.14%,-0.51%,-0.78%,0.26%,-0.30%,-0.73%,0.43%
2017 Oct 11 16:59:09 [10] INFO  - ,3/14/2014 12:00:00 AM,0.79%,0.70%,-0.92%,1.61%,1.60%,0.49%,1.09%,1.15%,0.66%,0.48%
2017 Oct 11 16:59:09 [10] INFO  - ,3/21/2014 12:00:00 AM,-0.69%,-0.34%,-1.60%,1.25%,-0.71%,-2.30%,1.57%,-0.47%,-2.32%,1.84%
2017 Oct 11 16:59:09 [10] INFO  - ,3/28/2014 12:00:00 AM,0.77%,1.60%,1.62%,-0.01%,1.24%,1.25%,-0.03%,1.04%,1.33%,-0.29%
2017 Oct 11 16:59:09 [10] INFO  - ,4/4/2014 12:00:00 AM,0.39%,0.08%,-0.10%,0.18%,-0.23%,-0.43%,0.19%,-0.14%,-0.43%,0.29%
2017 Oct 11 16:59:09 [10] INFO  - ,4/11/2014 12:00:00 AM,-0.05%,0.81%,0.86%,-0.05%,1.03%,1.13%,-0.10%,0.76%,1.20%,-0.44%
2017 Oct 11 16:59:09 [10] INFO  - ,4/18/2014 12:00:00 AM,0.01%,0.59%,0.51%,0.08%,0.17%,0.18%,-0.01%,0.28%,0.13%,0.16%
2017 Oct 11 16:59:09 [10] INFO  - ,4/25/2014 12:00:00 AM,0.71%,0.47%,-0.10%,0.57%,0.60%,0.00%,0.60%,0.57%,0.01%,0.56%
2017 Oct 11 16:59:09 [10] INFO  - ,5/2/2014 12:00:00 AM,1.16%,1.47%,1.83%,-0.36%,0.74%,1.13%,-0.38%,0.73%,1.13%,-0.39%
2017 Oct 11 16:59:09 [10] INFO  - ,5/9/2014 12:00:00 AM,-0.23%,0.65%,-0.04%,0.70%,0.64%,0.11%,0.54%,0.62%,0.14%,0.48%
2017 Oct 11 16:59:09 [10] INFO  - ,5/16/2014 12:00:00 AM,1.32%,3.70%,2.86%,0.83%,3.06%,2.43%,0.62%,3.12%,2.37%,0.74%
2017 Oct 11 16:59:09 [10] INFO  - ,5/23/2014 12:00:00 AM,0.41%,0.67%,0.95%,-0.27%,-0.52%,0.23%,-0.74%,-0.42%,0.09%,-0.50%
2017 Oct 11 16:59:09 [10] INFO  - ,5/30/2014 12:00:00 AM,0.76%,1.51%,1.18%,0.33%,0.83%,0.82%,0.02%,0.95%,0.73%,0.23%
2017 Oct 11 16:59:09 [10] INFO  - ,6/6/2014 12:00:00 AM,0.32%,0.32%,-0.43%,0.74%,-0.07%,-0.82%,0.76%,0.27%,-0.92%,1.18%
2017 Oct 11 16:59:09 [10] INFO  - ,6/13/2014 12:00:00 AM,-0.93%,4.17%,2.39%,1.80%,4.15%,2.40%,1.76%,4.14%,2.23%,1.92%
2017 Oct 11 16:59:09 [10] INFO  - ,6/20/2014 12:00:00 AM,-0.36%,-0.34%,0.05%,-0.38%,-0.40%,-0.02%,-0.37%,-0.34%,0.05%,-0.38%
2017 Oct 11 16:59:09 [10] INFO  - ,6/27/2014 12:00:00 AM,1.09%,0.72%,0.53%,0.17%,0.74%,0.55%,0.17%,0.72%,0.53%,0.17%
2017 Oct 11 16:59:09 [10] INFO  - ,7/4/2014 12:00:00 AM,1.30%,-1.63%,-0.73%,-0.90%,-2.07%,-1.07%,-1.01%,-1.63%,-0.73%,-0.90%
2017 Oct 11 16:59:09 [10] INFO  - ,7/11/2014 12:00:00 AM,1.79%,0.18%,-0.43%,0.60%,0.80%,0.33%,0.45%,0.31%,-0.04%,0.33%
2017 Oct 11 16:59:09 [10] INFO  - ,7/18/2014 12:00:00 AM,-0.06%,0.37%,0.33%,0.04%,-0.22%,-0.06%,-0.16%,-0.47%,-0.40%,-0.06%
2017 Oct 11 16:59:09 [10] INFO  - ,7/25/2014 12:00:00 AM,0.35%,1.33%,1.19%,0.14%,0.85%,0.45%,0.40%,0.85%,0.16%,0.68%
2017 Oct 11 16:59:09 [10] INFO  - ,8/1/2014 12:00:00 AM,-1.30%,-1.47%,-2.43%,0.98%,-0.88%,-1.95%,1.07%,-1.47%,-2.43%,0.98%
2017 Oct 11 16:59:09 [10] INFO  - ,8/8/2014 12:00:00 AM,0.11%,-0.11%,0.30%,-0.40%,0.28%,0.56%,-0.28%,0.30%,0.58%,-0.27%
2017 Oct 11 16:59:09 [10] INFO  - ,8/15/2014 12:00:00 AM,2.79%,0.19%,0.87%,-0.68%,-0.48%,0.37%,-0.85%,-0.01%,0.29%,-0.30%
2017 Oct 11 16:59:09 [10] INFO  - ,8/22/2014 12:00:00 AM,1.24%,0.05%,-0.06%,0.10%,-0.75%,-0.68%,-0.06%,-0.40%,-0.73%,0.32%
2017 Oct 11 16:59:09 [10] INFO  - ,8/29/2014 12:00:00 AM,1.44%,1.56%,1.66%,-0.10%,1.04%,1.28%,-0.23%,1.17%,1.36%,-0.18%
2017 Oct 11 16:59:09 [10] INFO  - ,9/5/2014 12:00:00 AM,0.04%,4.09%,2.37%,1.71%,3.38%,1.86%,1.52%,4.09%,2.37%,1.71%
2017 Oct 11 16:59:09 [10] INFO  - ,9/12/2014 12:00:00 AM,-2.18%,0.37%,-1.62%,2.00%,0.60%,-1.50%,2.11%,0.37%,-1.62%,2.00%
2017 Oct 11 16:59:09 [10] INFO  - ,9/19/2014 12:00:00 AM,1.40%,2.00%,1.37%,0.62%,1.69%,1.17%,0.51%,2.00%,1.37%,0.62%
2017 Oct 11 16:59:09 [10] INFO  - ,9/26/2014 12:00:00 AM,1.08%,0.98%,0.27%,0.73%,1.86%,0.81%,1.06%,1.28%,0.44%,0.85%
2017 Oct 11 16:59:09 [10] INFO  - ,10/3/2014 12:00:00 AM,2.69%,1.87%,1.83%,0.05%,3.25%,2.74%,0.52%,2.95%,2.70%,0.26%
2017 Oct 11 16:59:09 [10] INFO  - ,10/10/2014 12:00:00 AM,1.47%,0.97%,0.78%,0.19%,3.78%,3.19%,0.58%,3.33%,3.41%,-0.09%
2017 Oct 11 16:59:09 [10] INFO  - ,10/17/2014 12:00:00 AM,1.25%,-0.27%,1.02%,-1.30%,-0.46%,0.88%,-1.34%,-0.38%,1.25%,-1.63%
2017 Oct 11 16:59:09 [10] INFO  - ,10/24/2014 12:00:00 AM,1.48%,2.37%,2.52%,-0.14%,0.62%,0.61%,0.01%,0.82%,0.84%,-0.02%
2017 Oct 11 16:59:09 [10] INFO  - ,10/31/2014 12:00:00 AM,1.08%,2.77%,2.86%,-0.08%,1.61%,1.61%,0.00%,1.62%,1.62%,0.01%
2017 Oct 11 16:59:09 [10] INFO  - ,11/7/2014 12:00:00 AM,0.62%,-0.16%,0.15%,-0.31%,-0.17%,0.25%,-0.42%,0.04%,0.22%,-0.18%
2017 Oct 11 16:59:09 [10] INFO  - ,11/14/2014 12:00:00 AM,0.65%,0.43%,1.03%,-0.60%,0.14%,0.82%,-0.70%,0.33%,0.82%,-0.51%
2017 Oct 11 16:59:09 [10] INFO  - ,11/21/2014 12:00:00 AM,0.68%,0.83%,1.57%,-0.79%,0.19%,0.97%,-0.82%,0.51%,0.97%,-0.50%
2017 Oct 11 16:59:09 [10] INFO  - ,11/28/2014 12:00:00 AM,3.01%,3.08%,6.07%,-2.99%,2.52%,5.50%,-2.98%,2.83%,5.50%,-2.66%
2017 Oct 11 16:59:09 [10] INFO  - ,12/5/2014 12:00:00 AM,0.37%,-1.34%,-1.45%,0.12%,-1.14%,-1.24%,0.11%,-1.13%,-1.24%,0.12%
2017 Oct 11 16:59:09 [10] INFO  - ,12/12/2014 12:00:00 AM,-2.21%,-0.26%,-0.02%,-0.23%,0.53%,0.77%,-0.22%,0.37%,0.81%,-0.43%
2017 Oct 11 16:59:09 [10] INFO  - ,12/19/2014 12:00:00 AM,0.92%,1.32%,1.39%,-0.11%,0.38%,0.38%,-0.02%,0.41%,0.38%,0.03%
2017 Oct 11 16:59:09 [10] INFO  - ,12/26/2014 12:00:00 AM,-0.12%,0.70%,0.89%,-0.20%,0.39%,0.55%,-0.18%,0.46%,0.55%,-0.10%
2017 Oct 11 16:59:09 [10] INFO  - ,1/2/2015 12:00:00 AM,0.29%,0.24%,0.96%,-0.71%,0.25%,1.01%,-0.74%,0.14%,1.02%,-0.87%
2017 Oct 11 16:59:09 [10] INFO  - ,1/9/2015 12:00:00 AM,0.05%,0.13%,0.46%,-0.35%,0.28%,0.59%,-0.31%,0.25%,0.60%,-0.35%
2017 Oct 11 16:59:09 [10] INFO  - ,1/16/2015 12:00:00 AM,1.21%,3.98%,4.43%,-0.49%,3.67%,4.06%,-0.40%,3.65%,4.07%,-0.43%
2017 Oct 11 16:59:09 [10] INFO  - ,1/23/2015 12:00:00 AM,2.52%,1.12%,1.35%,-0.22%,0.39%,0.57%,-0.17%,0.42%,0.56%,-0.14%
2017 Oct 11 16:59:09 [10] INFO  - ,1/30/2015 12:00:00 AM,1.06%,0.92%,0.90%,0.00%,0.95%,0.96%,-0.01%,0.91%,0.95%,-0.04%
2017 Oct 11 16:59:09 [10] INFO  - ,2/6/2015 12:00:00 AM,-0.76%,1.37%,1.19%,0.19%,0.93%,0.70%,0.24%,0.97%,0.69%,0.28%
2017 Oct 11 16:59:09 [10] INFO  - ,2/13/2015 12:00:00 AM,0.32%,-0.40%,-0.38%,-0.03%,-0.42%,-0.41%,-0.03%,-0.34%,-0.43%,0.07%
2017 Oct 11 16:59:09 [10] INFO  - ,2/20/2015 12:00:00 AM,0.87%,0.28%,0.50%,-0.21%,0.26%,0.47%,-0.21%,0.24%,0.47%,-0.22%
2017 Oct 11 16:59:09 [10] INFO  - ,2/27/2015 12:00:00 AM,1.02%,0.66%,0.83%,-0.19%,0.65%,0.83%,-0.19%,0.66%,0.83%,-0.19%
2017 Oct 11 16:59:09 [10] INFO  - ,3/6/2015 12:00:00 AM,-1.19%,1.18%,-0.17%,1.35%,1.36%,-0.01%,1.36%,1.18%,-0.17%,1.35%
2017 Oct 11 16:59:09 [10] INFO  - ,3/13/2015 12:00:00 AM,1.40%,2.41%,3.81%,-1.41%,2.52%,3.89%,-1.38%,2.41%,3.81%,-1.41%
2017 Oct 11 16:59:09 [10] INFO  - ,3/20/2015 12:00:00 AM,0.71%,-0.08%,0.07%,-0.15%,-0.37%,-0.25%,-0.12%,-0.23%,-0.17%,-0.07%
2017 Oct 11 16:59:09 [10] INFO  - ,3/27/2015 12:00:00 AM,-0.36%,-0.09%,-0.24%,0.16%,-0.13%,-0.28%,0.17%,-0.20%,-0.27%,0.09%
2017 Oct 11 16:59:09 [10] INFO  - ,4/3/2015 12:00:00 AM,0.19%,0.58%,0.66%,-0.09%,0.36%,0.42%,-0.07%,0.38%,0.42%,-0.06%
2017 Oct 11 16:59:09 [10] INFO  - ,4/10/2015 12:00:00 AM,0.94%,1.34%,1.55%,-0.18%,0.46%,0.59%,-0.10%,0.53%,0.59%,-0.03%
2017 Oct 11 16:59:09 [10] INFO  - ,4/17/2015 12:00:00 AM,0.00%,-0.10%,-0.83%,0.73%,-0.14%,-0.76%,0.62%,-0.18%,-0.91%,0.73%
2017 Oct 11 16:59:09 [10] INFO  - ,4/24/2015 12:00:00 AM,-0.09%,1.05%,1.02%,0.04%,0.61%,0.43%,0.19%,1.05%,1.02%,0.04%
2017 Oct 11 16:59:09 [10] INFO  - ,5/1/2015 12:00:00 AM,-2.06%,0.23%,-4.11%,4.36%,0.40%,-3.71%,4.12%,0.19%,-4.19%,4.38%
2017 Oct 11 16:59:09 [10] INFO  - ,5/8/2015 12:00:00 AM,-0.76%,-1.53%,-1.09%,-0.43%,-1.30%,-0.92%,-0.38%,-1.33%,-0.84%,-0.49%
2017 Oct 11 16:59:09 [10] INFO  - ,5/15/2015 12:00:00 AM,0.06%,-0.58%,-0.71%,0.12%,-0.71%,-0.87%,0.15%,-0.53%,-0.88%,0.34%
2017 Oct 11 16:59:09 [10] INFO  - ,5/22/2015 12:00:00 AM,0.24%,1.30%,1.67%,-0.39%,1.10%,1.42%,-0.33%,1.17%,1.42%,-0.26%
2017 Oct 11 16:59:09 [10] INFO  - ,5/29/2015 12:00:00 AM,2.03%,3.21%,3.42%,-0.21%,3.07%,3.23%,-0.16%,3.06%,3.31%,-0.24%
2017 Oct 11 16:59:09 [10] INFO  - ,6/5/2015 12:00:00 AM,-1.30%,0.04%,-2.29%,2.33%,0.37%,-1.86%,2.22%,0.04%,-2.29%,2.33%
2017 Oct 11 16:59:09 [10] INFO  - ,6/12/2015 12:00:00 AM,-0.02%,-1.73%,-1.26%,-0.48%,-1.74%,-1.21%,-0.56%,-1.50%,-1.30%,-0.22%
2017 Oct 11 16:59:09 [10] INFO  - ,6/19/2015 12:00:00 AM,0.80%,-0.47%,0.49%,-0.96%,-0.07%,0.90%,-0.96%,0.12%,0.89%,-0.77%
2017 Oct 11 16:59:09 [10] INFO  - ,6/26/2015 12:00:00 AM,0.51%,0.06%,-0.35%,0.40%,-0.58%,-0.86%,0.28%,-0.53%,-1.11%,0.57%
2017 Oct 11 16:59:09 [10] INFO  - ,7/3/2015 12:00:00 AM,1.01%,0.71%,0.41%,0.31%,1.28%,1.47%,-0.19%,0.93%,1.57%,-0.65%
2017 Oct 11 16:59:09 [10] INFO  - ,7/10/2015 12:00:00 AM,-0.41%,0.84%,0.26%,0.59%,1.10%,0.98%,0.13%,1.17%,0.99%,0.19%
2017 Oct 11 16:59:09 [10] INFO  - ,7/17/2015 12:00:00 AM,2.58%,1.05%,1.82%,-0.77%,0.65%,1.37%,-0.71%,0.99%,1.18%,-0.19%
2017 Oct 11 16:59:09 [10] INFO  - ,7/24/2015 12:00:00 AM,0.41%,1.17%,0.77%,0.39%,1.42%,1.05%,0.36%,1.27%,1.15%,0.12%
2017 Oct 11 16:59:09 [10] INFO  - ,7/31/2015 12:00:00 AM,0.05%,2.20%,2.20%,0.03%,1.45%,1.58%,-0.09%,1.61%,1.61%,0.02%
2017 Oct 11 16:59:09 [10] INFO  - ,8/7/2015 12:00:00 AM,0.46%,-1.01%,-0.01%,-0.99%,-0.57%,0.30%,-0.87%,-0.79%,0.14%,-0.94%
2017 Oct 11 16:59:09 [10] INFO  - ,8/14/2015 12:00:00 AM,0.74%,0.42%,0.17%,0.23%,0.50%,0.24%,0.24%,0.02%,0.37%,-0.36%
2017 Oct 11 16:59:09 [10] INFO  - ,8/21/2015 12:00:00 AM,0.31%,1.27%,0.42%,0.84%,4.47%,2.42%,2.05%,3.20%,2.35%,0.85%
2017 Oct 11 16:59:09 [10] INFO  - ,8/28/2015 12:00:00 AM,1.05%,-0.48%,-3.21%,2.73%,0.89%,-1.20%,2.10%,1.76%,-0.56%,2.32%
2017 Oct 11 16:59:09 [10] INFO  - ,9/4/2015 12:00:00 AM,-1.33%,-0.55%,0.44%,-0.98%,-0.06%,0.62%,-0.65%,-0.60%,0.39%,-0.97%
2017 Oct 11 16:59:09 [10] INFO  - ,9/11/2015 12:00:00 AM,0.57%,0.22%,0.14%,0.06%,0.09%,0.05%,0.04%,0.22%,0.14%,0.06%
2017 Oct 11 16:59:09 [10] INFO  - ,9/18/2015 12:00:00 AM,-0.30%,0.25%,0.11%,0.10%,0.10%,0.14%,-0.08%,0.25%,0.11%,0.10%
2017 Oct 11 16:59:09 [10] INFO  - ,9/25/2015 12:00:00 AM,0.02%,-0.23%,-0.28%,0.06%,0.25%,-0.12%,0.39%,-0.58%,-0.48%,-0.09%
2017 Oct 11 16:59:09 [10] INFO  - ,10/2/2015 12:00:00 AM,-0.70%,1.06%,0.86%,0.16%,1.26%,1.05%,0.18%,1.06%,0.86%,0.16%
2017 Oct 11 16:59:09 [10] INFO  - ,10/9/2015 12:00:00 AM,1.74%,-2.49%,-1.84%,-0.66%,-2.88%,-2.06%,-0.83%,-2.59%,-1.92%,-0.68%
2017 Oct 11 16:59:09 [10] INFO  - ,10/16/2015 12:00:00 AM,2.17%,0.96%,1.07%,-0.14%,0.72%,0.97%,-0.27%,0.94%,0.99%,-0.07%
2017 Oct 11 16:59:09 [10] INFO  - ,10/23/2015 12:00:00 AM,1.49%,3.22%,2.79%,0.42%,2.56%,2.23%,0.35%,2.88%,2.26%,0.63%
2017 Oct 11 16:59:09 [10] INFO  - ,10/30/2015 12:00:00 AM,-0.93%,-0.25%,-0.32%,0.07%,0.06%,-0.19%,0.24%,0.12%,-0.19%,0.31%
2017 Oct 11 16:59:09 [10] INFO  - ,11/6/2015 12:00:00 AM,-0.05%,0.11%,-0.37%,0.51%,-0.30%,-0.56%,0.28%,-0.04%,-0.56%,0.55%
2017 Oct 11 16:59:09 [10] INFO  - ,11/13/2015 12:00:00 AM,1.63%,2.03%,2.12%,-0.10%,3.09%,3.06%,0.02%,2.28%,2.79%,-0.52%
2017 Oct 11 16:59:09 [10] INFO  - ,11/20/2015 12:00:00 AM,-0.12%,1.88%,3.05%,-1.19%,0.87%,2.13%,-1.26%,1.97%,2.22%,-0.26%
2017 Oct 11 16:59:09 [10] INFO  - ,11/27/2015 12:00:00 AM,0.62%,1.10%,1.41%,-0.31%,0.90%,1.28%,-0.38%,0.75%,0.96%,-0.21%
2017 Oct 11 16:59:09 [10] INFO  - ,12/4/2015 12:00:00 AM,-1.52%,-1.91%,-2.66%,0.77%,-1.11%,-2.11%,1.02%,-1.47%,-2.53%,1.07%
2017 Oct 11 16:59:09 [10] INFO  - ,12/11/2015 12:00:00 AM,1.61%,-1.07%,0.16%,-1.24%,0.25%,0.66%,-0.41%,-0.58%,0.63%,-1.21%
2017 Oct 11 16:59:09 [10] INFO  - ,12/18/2015 12:00:00 AM,-0.10%,-0.72%,0.02%,-0.72%,-0.73%,0.02%,-0.74%,-0.47%,-0.10%,-0.34%
2017 Oct 11 16:59:09 [10] INFO  - ,12/25/2015 12:00:00 AM,0.22%,0.38%,-0.01%,0.39%,-0.43%,-0.59%,0.16%,0.03%,-0.31%,0.34%
2017 Oct 11 16:59:09 [10] INFO  - ,12/31/2015 12:00:00 AM,-0.51%,-0.81%,-0.62%,-0.20%,-0.68%,-0.46%,-0.24%,-0.84%,-0.39%,-0.47%
2017 Oct 11 16:59:09 [10] INFO  - ,1/8/2016 12:00:00 AM,-1.29%,-0.82%,-0.85%,0.04%,2.56%,2.32%,0.23%,0.66%,1.23%,-0.57%
2017 Oct 11 16:59:09 [10] INFO  - ,1/15/2016 12:00:00 AM,0.12%,1.57%,2.43%,-0.87%,2.13%,2.87%,-0.75%,1.34%,2.24%,-0.91%
2017 Oct 11 16:59:09 [10] INFO  - ,1/22/2016 12:00:00 AM,1.24%,1.01%,-0.15%,1.16%,0.88%,-0.28%,1.14%,1.01%,-0.15%,1.16%
2017 Oct 11 16:59:09 [10] INFO  - ,1/29/2016 12:00:00 AM,3.18%,-0.06%,0.23%,-0.31%,-0.29%,0.21%,-0.50%,-0.06%,0.23%,-0.31%
2017 Oct 11 16:59:09 [10] INFO  - ,2/5/2016 12:00:00 AM,0.79%,0.73%,1.09%,-0.35%,1.12%,1.27%,-0.14%,0.73%,1.09%,-0.35%
2017 Oct 11 16:59:09 [10] INFO  - ,2/12/2016 12:00:00 AM,0.41%,1.32%,1.25%,0.05%,1.45%,1.37%,0.06%,1.32%,1.25%,0.05%
2017 Oct 11 16:59:09 [10] INFO  - ,2/19/2016 12:00:00 AM,0.49%,-0.41%,-0.36%,-0.07%,-0.42%,-0.35%,-0.09%,-0.41%,-0.36%,-0.07%
2017 Oct 11 16:59:09 [10] INFO  - ,2/26/2016 12:00:00 AM,1.04%,-0.19%,-0.19%,0.02%,-0.31%,-0.30%,0.00%,-0.18%,-0.18%,0.01%
2017 Oct 11 16:59:09 [10] INFO  - ,3/4/2016 12:00:00 AM,1.65%,-0.57%,-1.32%,0.77%,-1.25%,-1.95%,0.71%,-0.90%,-1.61%,0.72%
2017 Oct 11 16:59:09 [10] INFO  - ,3/11/2016 12:00:00 AM,0.54%,-0.17%,-1.61%,1.48%,-0.60%,-1.97%,1.38%,-0.56%,-1.94%,1.38%
2017 Oct 11 16:59:09 [10] INFO  - ,3/18/2016 12:00:00 AM,-0.08%,1.28%,1.33%,-0.03%,0.75%,0.83%,-0.06%,0.83%,0.90%,-0.05%
2017 Oct 11 16:59:09 [10] INFO  - ,3/25/2016 12:00:00 AM,-0.63%,-1.14%,-0.42%,-0.71%,-0.48%,0.00%,-0.47%,-0.57%,-0.01%,-0.55%
2017 Oct 11 16:59:09 [10] INFO  - ,4/1/2016 12:00:00 AM,0.47%,1.85%,1.75%,0.11%,1.67%,1.58%,0.10%,1.88%,1.54%,0.34%
2017 Oct 11 16:59:09 [10] INFO  - ,4/8/2016 12:00:00 AM,-0.51%,-1.19%,-0.82%,-0.36%,-0.82%,-0.43%,-0.39%,-0.98%,-0.25%,-0.74%
2017 Oct 11 16:59:09 [10] INFO  - ,4/15/2016 12:00:00 AM,0.99%,1.39%,1.18%,0.21%,0.17%,0.12%,0.06%,0.53%,0.05%,0.48%
2017 Oct 11 16:59:09 [10] INFO  - ,4/22/2016 12:00:00 AM,1.91%,-2.33%,-3.96%,1.63%,-2.72%,-4.25%,1.53%,-2.77%,-4.28%,1.51%
2017 Oct 11 16:59:09 [10] INFO  - ,4/29/2016 12:00:00 AM,0.13%,0.43%,-0.48%,0.90%,1.02%,-0.01%,1.03%,0.81%,0.06%,0.74%
2017 Oct 11 16:59:09 [10] INFO  - ,5/6/2016 12:00:00 AM,0.34%,0.62%,1.19%,-0.60%,1.24%,1.54%,-0.32%,1.08%,1.56%,-0.50%
2017 Oct 11 16:59:09 [10] INFO  - ,5/13/2016 12:00:00 AM,0.45%,-0.35%,-0.88%,0.52%,-0.51%,-0.68%,0.17%,-0.59%,-0.73%,0.14%
2017 Oct 11 16:59:09 [10] INFO  - ,5/20/2016 12:00:00 AM,0.36%,-2.44%,-3.27%,0.84%,-2.73%,-3.49%,0.76%,-2.54%,-3.31%,0.77%
2017 Oct 11 16:59:09 [10] INFO  - ,5/27/2016 12:00:00 AM,1.09%,1.15%,1.20%,-0.05%,-0.06%,0.15%,-0.21%,0.30%,0.34%,-0.04%
2017 Oct 11 16:59:09 [10] INFO  - ,6/3/2016 12:00:00 AM,-0.08%,1.85%,1.20%,0.64%,2.09%,1.40%,0.69%,2.14%,1.44%,0.70%
2017 Oct 11 16:59:09 [10] INFO  - ,6/10/2016 12:00:00 AM,-0.45%,0.98%,0.86%,0.11%,1.57%,1.10%,0.45%,1.39%,1.15%,0.22%
2017 Oct 11 16:59:09 [10] INFO  - ,6/17/2016 12:00:00 AM,0.31%,-1.20%,-0.54%,-0.63%,0.10%,0.32%,-0.21%,-0.23%,0.40%,-0.62%
2017 Oct 11 16:59:09 [10] INFO  - ,6/24/2016 12:00:00 AM,-0.45%,1.08%,1.44%,-0.26%,1.25%,2.96%,-1.65%,1.46%,3.49%,-1.97%
2017 Oct 11 16:59:09 [10] INFO  - ,7/1/2016 12:00:00 AM,2.63%,5.37%,5.66%,-0.31%,2.26%,2.64%,-0.37%,2.30%,3.04%,-0.74%
2017 Oct 11 16:59:09 [10] INFO  - ,7/8/2016 12:00:00 AM,0.15%,1.20%,1.77%,-0.58%,1.24%,1.62%,-0.38%,1.24%,1.62%,-0.38%
2017 Oct 11 16:59:09 [10] INFO  - ,7/15/2016 12:00:00 AM,0.94%,0.26%,0.17%,0.09%,-1.74%,-2.27%,0.52%,-1.74%,-2.27%,0.53%
2017 Oct 11 16:59:09 [10] INFO  - ,7/22/2016 12:00:00 AM,0.06%,1.63%,1.22%,0.41%,1.14%,0.80%,0.34%,1.28%,0.76%,0.52%
2017 Oct 11 16:59:09 [10] INFO  - ,7/29/2016 12:00:00 AM,-0.50%,2.16%,2.52%,-0.36%,1.97%,2.31%,-0.34%,1.90%,2.17%,-0.27%
2017 Oct 11 16:59:09 [10] INFO  - ,8/5/2016 12:00:00 AM,-0.21%,0.26%,-0.99%,1.24%,0.29%,-1.14%,1.42%,0.34%,-1.19%,1.53%
2017 Oct 11 16:59:09 [10] INFO  - ,8/12/2016 12:00:00 AM,0.82%,-1.17%,-0.92%,-0.24%,-1.92%,-1.76%,-0.15%,-1.81%,-1.76%,-0.04%
2017 Oct 11 16:59:09 [10] INFO  - ,8/19/2016 12:00:00 AM,-0.04%,-2.55%,-3.14%,0.59%,-2.17%,-2.68%,0.51%,-2.16%,-2.69%,0.53%
2017 Oct 11 16:59:09 [10] INFO  - ,8/26/2016 12:00:00 AM,0.00%,1.61%,1.29%,0.33%,1.28%,0.97%,0.33%,1.30%,0.89%,0.42%
2017 Oct 11 16:59:09 [10] INFO  - ,9/2/2016 12:00:00 AM,-0.25%,1.18%,0.71%,0.46%,1.06%,0.58%,0.47%,1.28%,0.50%,0.76%
2017 Oct 11 16:59:09 [10] INFO  - ,9/9/2016 12:00:00 AM,0.89%,-1.86%,-3.35%,1.50%,-1.12%,-1.96%,0.85%,-1.35%,-1.92%,0.59%
2017 Oct 11 16:59:09 [10] INFO  - ,9/16/2016 12:00:00 AM,0.32%,-0.54%,-0.23%,-0.31%,0.20%,0.38%,-0.18%,0.23%,0.28%,-0.05%
2017 Oct 11 16:59:09 [10] INFO  - ,9/23/2016 12:00:00 AM,0.49%,2.44%,2.02%,0.41%,1.05%,1.17%,-0.13%,1.39%,1.03%,0.34%
2017 Oct 11 16:59:09 [10] INFO  - ,9/30/2016 12:00:00 AM,0.11%,-2.21%,-1.50%,-0.76%,-1.99%,-1.32%,-0.70%,-2.01%,-1.34%,-0.70%
2017 Oct 11 16:59:09 [10] INFO  - ,10/7/2016 12:00:00 AM,-1.58%,-1.20%,-0.79%,-0.42%,-1.40%,-0.92%,-0.49%,-1.25%,-0.86%,-0.40%
2017 Oct 11 16:59:09 [10] INFO  - ,10/14/2016 12:00:00 AM,-1.21%,-1.38%,-1.47%,0.10%,-0.80%,-0.96%,0.17%,-0.92%,-0.87%,-0.04%
2017 Oct 11 16:59:09 [10] INFO  - ,10/21/2016 12:00:00 AM,0.83%,2.43%,2.72%,-0.29%,1.79%,1.92%,-0.12%,1.80%,1.92%,-0.11%
2017 Oct 11 16:59:09 [10] INFO  - ,10/28/2016 12:00:00 AM,-0.32%,-1.90%,-3.03%,1.13%,-1.43%,-2.60%,1.16%,-1.50%,-2.51%,1.00%
2017 Oct 11 16:59:09 [10] INFO  - ,11/4/2016 12:00:00 AM,-0.10%,-0.87%,-1.61%,0.73%,0.36%,-0.52%,0.88%,-0.05%,-0.52%,0.46%
2017 Oct 11 16:59:09 [10] INFO  - ,11/11/2016 12:00:00 AM,1.60%,0.44%,1.41%,-0.96%,-1.44%,0.02%,-1.44%,-1.38%,0.03%,-1.38%
2017 Oct 11 16:59:09 [10] INFO  - ,11/18/2016 12:00:00 AM,1.11%,0.60%,1.55%,-0.95%,0.06%,1.25%,-1.20%,0.10%,1.22%,-1.12%
2017 Oct 11 16:59:09 [10] INFO  - ,11/25/2016 12:00:00 AM,1.82%,0.46%,1.13%,-0.69%,-0.60%,0.49%,-1.10%,-0.49%,0.47%,-0.96%
2017 Oct 11 16:59:09 [10] INFO  - ,12/2/2016 12:00:00 AM,-0.71%,-3.41%,-2.72%,-0.71%,-2.45%,-2.03%,-0.44%,-2.57%,-2.00%,-0.58%
2017 Oct 11 16:59:09 [10] INFO  - ,12/9/2016 12:00:00 AM,-1.03%,4.06%,3.36%,0.70%,1.02%,1.55%,-0.52%,1.51%,1.38%,0.14%
2017 Oct 11 16:59:09 [10] INFO  - ,12/16/2016 12:00:00 AM,-0.95%,-0.85%,0.33%,-1.17%,-0.95%,0.27%,-1.21%,-1.06%,0.28%,-1.34%
2017 Oct 11 16:59:09 [10] INFO  - ,12/23/2016 12:00:00 AM,0.61%,-0.40%,-0.55%,0.16%,-0.45%,-0.56%,0.12%,-0.33%,-0.60%,0.28%
2017 Oct 11 16:59:09 [10] INFO  - ,12/30/2016 12:00:00 AM,-1.95%,0.69%,-0.97%,1.65%,0.88%,-0.75%,1.63%,0.78%,-0.60%,1.38%
2017 Oct 11 16:59:09 [10] INFO  - ,1/6/2017 12:00:00 AM,0.47%,-0.37%,-0.78%,0.41%,-1.57%,-2.31%,0.73%,-1.20%,-2.20%,0.99%
2017 Oct 11 16:59:09 [10] INFO  - ,1/13/2017 12:00:00 AM,0.34%,0.55%,-0.55%,1.07%,0.38%,-0.60%,0.96%,0.46%,-0.71%,1.15%
2017 Oct 11 16:59:09 [10] INFO  - ,1/20/2017 12:00:00 AM,-0.43%,-0.31%,-0.56%,0.25%,0.00%,-0.32%,0.32%,-0.31%,-0.29%,-0.03%
2017 Oct 11 16:59:09 [10] INFO  - ,1/27/2017 12:00:00 AM,0.26%,0.37%,1.00%,-0.61%,-0.86%,0.17%,-1.01%,-0.77%,-0.06%,-0.69%
2017 Oct 11 16:59:09 [10] INFO  - ,2/3/2017 12:00:00 AM,-0.35%,-0.24%,-0.90%,0.67%,0.27%,-0.65%,0.93%,0.13%,-0.55%,0.69%
2017 Oct 11 16:59:09 [10] INFO  - ,2/10/2017 12:00:00 AM,1.75%,0.49%,0.40%,0.09%,-0.30%,0.12%,-0.41%,-0.11%,0.00%,-0.10%
2017 Oct 11 16:59:09 [10] INFO  - ,2/17/2017 12:00:00 AM,0.80%,-0.52%,0.42%,-0.93%,-1.84%,-0.08%,-1.75%,-1.20%,-0.28%,-0.91%
2017 Oct 11 16:59:09 [10] INFO  - ,2/24/2017 12:00:00 AM,1.72%,-1.68%,-0.63%,-1.08%,-1.66%,-0.61%,-1.06%,-1.48%,-0.63%,-0.86%
2017 Oct 11 16:59:09 [10] INFO  - ,3/3/2017 12:00:00 AM,-0.36%,1.21%,0.81%,0.41%,0.83%,0.54%,0.29%,1.28%,0.52%,0.77%
2017 Oct 11 16:59:09 [10] INFO  - ,3/10/2017 12:00:00 AM,-0.14%,0.61%,0.04%,0.57%,0.46%,0.04%,0.41%,0.36%,0.08%,0.28%
2017 Oct 11 16:59:09 [10] INFO  - ,3/17/2017 12:00:00 AM,1.04%,-0.10%,-0.09%,-0.01%,-1.10%,-0.55%,-0.55%,-0.91%,-0.57%,-0.34%
2017 Oct 11 16:59:09 [10] INFO  - ,3/24/2017 12:00:00 AM,-0.62%,-1.18%,-3.00%,1.81%,-0.71%,-2.00%,1.29%,-1.19%,-1.85%,0.65%
2017 Oct 11 16:59:09 [10] INFO  - ,3/31/2017 12:00:00 AM,2.27%,0.59%,0.46%,0.13%,-0.64%,-0.09%,-0.55%,-0.40%,-0.19%,-0.22%
2017 Oct 11 16:59:09 [10] INFO  - ,4/7/2017 12:00:00 AM,1.60%,-0.54%,-0.48%,-0.06%,-0.31%,-0.39%,0.07%,-0.34%,-0.39%,0.05%
2017 Oct 11 16:59:09 [10] INFO  - ,4/14/2017 12:00:00 AM,0.71%,-0.86%,-0.79%,-0.06%,-0.08%,-0.38%,0.30%,-0.27%,-0.36%,0.09%
2017 Oct 11 16:59:09 [10] INFO  - ,4/21/2017 12:00:00 AM,-0.13%,-1.51%,-1.91%,0.41%,-2.06%,-2.25%,0.19%,-2.38%,-2.22%,-0.16%
2017 Oct 11 16:59:09 [10] INFO  - ,4/28/2017 12:00:00 AM,1.76%,1.94%,2.33%,-0.42%,-1.45%,-0.33%,-1.11%,-1.23%,-0.67%,-0.54%
2017 Oct 11 16:59:09 [10] INFO  - ,5/5/2017 12:00:00 AM,-1.42%,1.34%,1.74%,-0.40%,1.03%,1.37%,-0.35%,1.16%,1.32%,-0.17%
2017 Oct 11 16:59:09 [10] INFO  - ,5/12/2017 12:00:00 AM,0.70%,-0.62%,-0.52%,-0.10%,-0.72%,-0.67%,-0.06%,-0.62%,-0.67%,0.05%
2017 Oct 11 16:59:09 [10] INFO  - ,5/19/2017 12:00:00 AM,0.42%,-1.33%,-2.50%,1.17%,-0.76%,-1.75%,0.98%,-0.91%,-1.60%,0.68%
2017 Oct 11 16:59:09 [10] INFO  - ,5/26/2017 12:00:00 AM,2.92%,0.93%,1.09%,-0.19%,0.14%,0.49%,-0.35%,0.55%,0.42%,0.13%
2017 Oct 11 16:59:09 [10] INFO  - ,6/2/2017 12:00:00 AM,1.20%,1.15%,1.04%,0.12%,0.67%,0.61%,0.06%,0.89%,0.58%,0.30%
2017 Oct 11 16:59:09 [10] INFO  - ,6/9/2017 12:00:00 AM,-0.06%,0.91%,0.81%,0.08%,0.87%,0.74%,0.13%,0.56%,0.75%,-0.20%
2017 Oct 11 16:59:09 [10] INFO  - ,6/16/2017 12:00:00 AM,0.19%,0.28%,0.00%,0.27%,0.43%,0.16%,0.26%,0.23%,0.22%,0.00%
2017 Oct 11 16:59:09 [10] INFO  - ,6/23/2017 12:00:00 AM,0.42%,0.16%,0.22%,-0.08%,0.00%,0.11%,-0.13%,0.19%,0.10%,0.08%
2017 Oct 11 16:59:09 [10] INFO  - ,6/30/2017 12:00:00 AM,-2.33%,-2.00%,-2.09%,0.09%,-1.48%,-1.70%,0.22%,-1.71%,-1.60%,-0.11%
2017 Oct 11 16:59:09 [10] INFO  - ,7/7/2017 12:00:00 AM,1.49%,0.95%,1.02%,-0.07%,0.81%,0.96%,-0.15%,0.81%,0.95%,-0.14%
2017 Oct 11 16:59:09 [10] INFO  - ,7/14/2017 12:00:00 AM,-1.05%,-0.72%,-0.10%,-0.62%,-1.57%,-0.94%,-0.63%,-1.51%,-1.03%,-0.48%
2017 Oct 11 16:59:09 [10] INFO  - ,7/21/2017 12:00:00 AM,0.53%,-0.68%,-0.56%,-0.11%,-0.14%,-0.12%,-0.02%,0.00%,-0.17%,0.17%
2017 Oct 11 16:59:09 [10] INFO  - ,7/28/2017 12:00:00 AM,-1.11%,-0.79%,-0.38%,-0.40%,-0.53%,-0.16%,-0.36%,-0.50%,-0.26%,-0.24%
2017 Oct 11 16:59:09 [10] INFO  - ,8/4/2017 12:00:00 AM,-0.58%,0.57%,0.57%,0.02%,0.18%,0.20%,-0.01%,0.50%,0.08%,0.44%
2017 Oct 11 16:59:09 [10] INFO  - ,8/11/2017 12:00:00 AM,-0.14%,-3.15%,-3.82%,0.66%,-1.00%,-1.82%,0.83%,-1.54%,-1.68%,0.15%
2017 Oct 11 16:59:09 [10] INFO  - ,8/18/2017 12:00:00 AM,0.75%,-0.08%,0.15%,-0.24%,-0.18%,-0.16%,-0.02%,-0.12%,-0.05%,-0.07%
2017 Oct 11 16:59:09 [10] INFO  - ,8/25/2017 12:00:00 AM,1.20%,0.99%,1.07%,-0.08%,0.47%,0.73%,-0.27%,0.94%,0.77%,0.17%
2017 Oct 11 16:59:09 [10] INFO  - ,9/1/2017 12:00:00 AM,-0.45%,2.11%,1.78%,0.32%,1.50%,1.54%,-0.03%,1.79%,1.55%,0.25%
2017 Oct 11 16:59:09 [10] INFO  - ,9/8/2017 12:00:00 AM,-0.12%,0.14%,0.81%,-0.68%,0.31%,0.94%,-0.64%,0.15%,0.96%,-0.82%
2017 Oct 11 16:59:09 [10] INFO  - ,9/15/2017 12:00:00 AM,-1.72%,-0.75%,-0.20%,-0.54%,-1.37%,-0.66%,-0.71%,-1.25%,-0.66%,-0.59%
2017 Oct 11 16:59:09 [10] INFO  - ,9/22/2017 12:00:00 AM,3.31%,0.49%,0.37%,0.13%,0.17%,0.17%,0.01%,0.12%,0.18%,-0.04%
2017 Oct 11 16:59:09 [10] INFO  - ,9/29/2017 12:00:00 AM,0.50%,0.65%,-0.19%,0.85%,-0.11%,-0.95%,0.84%,-0.14%,-0.98%,0.84%
2017 Oct 11 16:59:09 [10] INFO  - ,10/6/2017 12:00:00 AM,1.30%,0.36%,-0.20%,0.54%,-0.75%,-1.10%,0.34%,-0.40%,-1.21%,0.81%
