2017 Oct 11 16:59:38 [9] INFO  - |||Production Version|||No Equity Longs (Method 1)|||No Net Notional Eq Long (Method 2)||
2017 Oct 11 16:59:39 [9] INFO  - |Date|Reg/Cross|Trend+Counter|Trend|Counter|Trend+Counter|Trend|Counter|Trend+Counter|Trend|Counter
2017 Oct 11 16:59:40 [9] INFO  - |6/15/2007 12:00:00 AM|0.58%|1.24%|1.42%|-0.18%|0.93%|1.08%|-0.15%|0.99%|1.08%|-0.09%
2017 Oct 11 16:59:40 [9] INFO  - |6/22/2007 12:00:00 AM|1.02%|0.41%|0.40%|0.02%|0.20%|0.16%|0.05%|0.16%|0.17%|0.01%
2017 Oct 11 16:59:41 [9] INFO  - |6/29/2007 12:00:00 AM|0.84%|-0.31%|-0.37%|0.07%|-0.36%|-0.42%|0.07%|-0.32%|-0.43%|0.13%
2017 Oct 11 16:59:41 [9] INFO  - |7/6/2007 12:00:00 AM|1.04%|4.63%|5.17%|-0.55%|4.44%|4.94%|-0.51%|4.49%|4.94%|-0.46%
2017 Oct 11 16:59:42 [9] INFO  - |7/13/2007 12:00:00 AM|1.19%|-0.66%|-0.74%|0.09%|-0.69%|-0.78%|0.09%|-0.67%|-0.78%|0.11%
2017 Oct 11 16:59:42 [9] INFO  - |7/20/2007 12:00:00 AM|-0.77%|-0.88%|-1.02%|0.13%|-0.77%|-0.90%|0.13%|-0.78%|-0.90%|0.12%
2017 Oct 11 16:59:43 [9] INFO  - |7/27/2007 12:00:00 AM|0.00%|-1.91%|-2.33%|0.41%|-1.28%|-1.63%|0.35%|-1.38%|-1.63%|0.25%
2017 Oct 11 16:59:43 [9] INFO  - |8/3/2007 12:00:00 AM|-0.68%|-0.42%|-0.42%|0.01%|-0.29%|-0.28%|0.01%|-0.28%|-0.30%|0.01%
2017 Oct 11 16:59:43 [9] INFO  - |8/10/2007 12:00:00 AM|0.87%|-1.44%|-1.14%|-0.32%|-1.47%|-1.06%|-0.42%|-1.30%|-1.05%|-0.27%
2017 Oct 11 16:59:44 [9] INFO  - |8/17/2007 12:00:00 AM|1.09%|0.61%|-1.38%|2.01%|0.97%|-1.24%|2.25%|0.24%|-1.29%|1.55%
2017 Oct 11 16:59:44 [9] INFO  - |8/24/2007 12:00:00 AM|2.88%|1.27%|1.26%|0.03%|0.85%|0.97%|-0.09%|1.16%|0.85%|0.30%
2017 Oct 11 16:59:44 [9] INFO  - |8/31/2007 12:00:00 AM|0.35%|1.91%|0.64%|1.26%|1.65%|0.47%|1.17%|1.80%|0.31%|1.48%
2017 Oct 11 16:59:44 [9] INFO  - |9/7/2007 12:00:00 AM|1.06%|0.31%|-0.75%|1.07%|0.57%|-0.50%|1.07%|0.37%|-0.80%|1.18%
2017 Oct 11 16:59:44 [9] INFO  - |9/14/2007 12:00:00 AM|1.17%|0.20%|0.57%|-0.34%|-0.03%|0.14%|-0.17%|0.03%|-0.07%|0.10%
2017 Oct 11 16:59:44 [9] INFO  - |9/21/2007 12:00:00 AM|1.24%|1.01%|1.95%|-0.97%|0.51%|1.15%|-0.66%|0.72%|0.92%|-0.22%
2017 Oct 11 16:59:45 [9] INFO  - |9/28/2007 12:00:00 AM|1.93%|0.55%|0.20%|0.34%|0.54%|0.19%|0.35%|0.50%|0.11%|0.37%
2017 Oct 11 16:59:45 [9] INFO  - |10/5/2007 12:00:00 AM|0.76%|-0.61%|0.58%|-1.19%|-0.80%|0.45%|-1.24%|-0.61%|0.58%|-1.19%
2017 Oct 11 16:59:45 [9] INFO  - |10/12/2007 12:00:00 AM|-0.56%|1.93%|2.27%|-0.34%|1.87%|2.20%|-0.33%|1.93%|2.27%|-0.34%
2017 Oct 11 16:59:45 [9] INFO  - |10/19/2007 12:00:00 AM|1.41%|-0.42%|-1.51%|1.09%|-0.38%|-1.47%|1.10%|-0.42%|-1.51%|1.09%
2017 Oct 11 16:59:45 [9] INFO  - |10/26/2007 12:00:00 AM|1.15%|1.84%|2.01%|-0.16%|1.64%|1.80%|-0.15%|1.65%|1.79%|-0.12%
2017 Oct 11 16:59:45 [9] INFO  - |11/2/2007 12:00:00 AM|-0.62%|1.75%|1.90%|-0.13%|1.88%|2.06%|-0.16%|1.88%|2.06%|-0.15%
2017 Oct 11 16:59:45 [9] INFO  - |11/9/2007 12:00:00 AM|0.25%|0.25%|0.17%|0.07%|1.08%|1.07%|0.00%|1.05%|1.07%|-0.03%
2017 Oct 11 16:59:45 [9] INFO  - |11/16/2007 12:00:00 AM|-0.24%|-0.13%|-0.25%|0.13%|-0.01%|-0.14%|0.12%|0.00%|-0.14%|0.13%
2017 Oct 11 16:59:45 [9] INFO  - |11/23/2007 12:00:00 AM|0.36%|0.63%|0.71%|-0.09%|1.17%|1.31%|-0.13%|1.16%|1.32%|-0.15%
2017 Oct 11 16:59:45 [9] INFO  - |11/30/2007 12:00:00 AM|-0.01%|1.60%|1.54%|0.06%|0.44%|0.31%|0.16%|0.55%|0.41%|0.17%
2017 Oct 11 16:59:45 [9] INFO  - |12/7/2007 12:00:00 AM|0.46%|1.36%|1.37%|0.00%|0.85%|0.78%|0.07%|0.86%|0.80%|0.06%
2017 Oct 11 16:59:45 [9] INFO  - |12/14/2007 12:00:00 AM|0.00%|0.51%|-0.29%|0.78%|1.42%|1.00%|0.39%|1.30%|1.09%|0.20%
2017 Oct 11 16:59:45 [9] INFO  - |12/21/2007 12:00:00 AM|1.14%|2.01%|1.37%|0.64%|1.61%|1.08%|0.52%|1.34%|0.72%|0.62%
2017 Oct 11 16:59:45 [9] INFO  - |12/28/2007 12:00:00 AM|1.94%|0.62%|0.78%|-0.16%|0.53%|0.70%|-0.17%|0.55%|0.73%|-0.18%
2017 Oct 11 16:59:45 [9] INFO  - |1/4/2008 12:00:00 AM|0.14%|0.18%|-0.56%|0.76%|1.40%|0.38%|1.02%|1.27%|0.62%|0.65%
2017 Oct 11 16:59:46 [9] INFO  - |1/11/2008 12:00:00 AM|0.77%|-1.01%|-1.09%|0.04%|-0.30%|-0.31%|-0.01%|-0.34%|-0.36%|0.00%
2017 Oct 11 16:59:46 [9] INFO  - |1/18/2008 12:00:00 AM|-1.18%|-2.34%|-2.50%|0.11%|-0.87%|-0.95%|0.07%|-1.39%|-1.50%|0.09%
2017 Oct 11 16:59:46 [9] INFO  - |1/25/2008 12:00:00 AM|-0.83%|0.28%|-0.70%|1.02%|0.63%|-0.27%|0.92%|0.28%|-0.70%|1.02%
2017 Oct 11 16:59:46 [9] INFO  - |2/1/2008 12:00:00 AM|-0.34%|0.93%|0.92%|-0.02%|0.84%|0.91%|-0.10%|0.93%|0.92%|-0.02%
2017 Oct 11 16:59:46 [9] INFO  - |2/8/2008 12:00:00 AM|1.04%|2.48%|3.35%|-0.83%|2.58%|3.30%|-0.72%|2.48%|3.35%|-0.83%
2017 Oct 11 16:59:46 [9] INFO  - |2/15/2008 12:00:00 AM|-0.48%|0.05%|0.63%|-0.60%|0.09%|0.63%|-0.56%|0.05%|0.63%|-0.60%
2017 Oct 11 16:59:46 [9] INFO  - |2/22/2008 12:00:00 AM|1.66%|0.47%|0.48%|0.00%|0.41%|0.42%|-0.01%|0.47%|0.48%|0.00%
2017 Oct 11 16:59:46 [9] INFO  - |2/29/2008 12:00:00 AM|1.60%|2.38%|4.36%|-1.97%|2.87%|4.88%|-1.99%|2.56%|4.54%|-1.96%
2017 Oct 11 16:59:46 [9] INFO  - |3/7/2008 12:00:00 AM|0.69%|1.36%|1.20%|0.17%|1.57%|1.38%|0.20%|1.36%|1.20%|0.17%
2017 Oct 11 16:59:46 [9] INFO  - |3/14/2008 12:00:00 AM|0.61%|0.61%|0.83%|-0.22%|0.66%|0.89%|-0.23%|0.61%|0.83%|-0.22%
2017 Oct 11 16:59:46 [9] INFO  - |3/21/2008 12:00:00 AM|1.88%|-0.12%|-1.43%|1.31%|-0.24%|-1.62%|1.39%|-0.12%|-1.43%|1.31%
2017 Oct 11 16:59:46 [9] INFO  - |3/28/2008 12:00:00 AM|0.04%|-0.82%|-0.51%|-0.34%|-0.76%|-0.36%|-0.42%|-0.82%|-0.51%|-0.34%
2017 Oct 11 16:59:46 [9] INFO  - |4/4/2008 12:00:00 AM|-0.95%|-2.20%|-2.36%|0.17%|-2.57%|-2.76%|0.20%|-2.19%|-2.35%|0.17%
2017 Oct 11 16:59:46 [9] INFO  - |4/11/2008 12:00:00 AM|0.58%|0.68%|1.71%|-1.04%|1.62%|2.57%|-0.94%|1.68%|2.66%|-0.96%
2017 Oct 11 16:59:46 [9] INFO  - |4/18/2008 12:00:00 AM|-1.81%|0.20%|0.62%|-0.38%|-1.32%|-0.97%|-0.33%|-1.32%|-0.99%|-0.32%
2017 Oct 11 16:59:47 [9] INFO  - |4/25/2008 12:00:00 AM|0.69%|-0.02%|0.06%|-0.08%|-0.07%|0.02%|-0.08%|0.03%|0.13%|-0.09%
2017 Oct 11 16:59:47 [9] INFO  - |5/2/2008 12:00:00 AM|-0.80%|0.27%|0.16%|0.12%|-0.18%|-0.25%|0.07%|-0.18%|-0.25%|0.07%
2017 Oct 11 16:59:47 [9] INFO  - |5/9/2008 12:00:00 AM|-2.17%|-1.34%|-0.96%|-0.40%|-1.00%|-0.65%|-0.37%|-0.99%|-0.66%|-0.35%
2017 Oct 11 16:59:47 [9] INFO  - |5/16/2008 12:00:00 AM|0.90%|1.92%|2.17%|-0.24%|1.22%|1.45%|-0.24%|1.24%|1.45%|-0.21%
2017 Oct 11 16:59:47 [9] INFO  - |5/23/2008 12:00:00 AM|-0.43%|-0.72%|-0.35%|-0.37%|0.31%|0.97%|-0.67%|0.15%|1.04%|-0.90%
2017 Oct 11 16:59:47 [9] INFO  - |5/30/2008 12:00:00 AM|2.21%|1.04%|1.07%|-0.06%|0.60%|0.56%|0.01%|0.59%|0.56%|0.01%
2017 Oct 11 16:59:47 [9] INFO  - |6/6/2008 12:00:00 AM|0.57%|-1.78%|-1.66%|-0.14%|-0.40%|-0.14%|-0.27%|-0.37%|-0.11%|-0.27%
2017 Oct 11 16:59:47 [9] INFO  - |6/13/2008 12:00:00 AM|-0.34%|1.27%|1.50%|-0.19%|1.93%|2.21%|-0.24%|1.74%|1.99%|-0.24%
2017 Oct 11 16:59:47 [9] INFO  - |6/20/2008 12:00:00 AM|0.79%|-0.41%|-0.59%|0.19%|0.43%|0.40%|0.03%|0.38%|0.34%|0.05%
2017 Oct 11 16:59:47 [9] INFO  - |6/27/2008 12:00:00 AM|1.07%|-0.04%|-0.17%|0.11%|0.54%|0.48%|0.05%|0.10%|0.00%|0.08%
2017 Oct 11 16:59:47 [9] INFO  - |7/4/2008 12:00:00 AM|0.94%|1.09%|1.78%|-0.69%|1.56%|2.25%|-0.68%|1.09%|1.78%|-0.69%
2017 Oct 11 16:59:47 [9] INFO  - |7/11/2008 12:00:00 AM|0.27%|3.02%|-1.79%|4.79%|2.98%|-1.83%|4.79%|3.02%|-1.79%|4.79%
2017 Oct 11 16:59:47 [9] INFO  - |7/18/2008 12:00:00 AM|-0.21%|-1.76%|-1.87%|0.11%|-1.76%|-1.87%|0.12%|-1.76%|-1.87%|0.11%
2017 Oct 11 16:59:47 [9] INFO  - |7/25/2008 12:00:00 AM|-0.40%|-1.83%|-1.93%|0.13%|-1.76%|-1.85%|0.12%|-1.83%|-1.93%|0.13%
